[INFO] Scanning for projects...
[INFO] 
[INFO] --------------------< com.portfolio:notifications >---------------------
[INFO] Building notifications 0.0.1-SNAPSHOT
[INFO]   from pom.xml
[INFO] --------------------------------[ jar ]---------------------------------
[INFO] 
[INFO] >>> spring-boot:3.3.7:run (default-cli) > test-compile @ notifications >>>
[INFO] 
[INFO] --- resources:3.3.1:resources (default-resources) @ notifications ---
[INFO] Copying 1 resource from src\main\resources to target\classes
[INFO] Copying 0 resource from src\main\resources to target\classes
[INFO] 
[INFO] --- compiler:3.13.0:compile (default-compile) @ notifications ---
[INFO] Nothing to compile - all classes are up to date.
[INFO] 
[INFO] --- resources:3.3.1:testResources (default-testResources) @ notifications ---
[INFO] skip non existing resourceDirectory C:\Users\Usuįrio\OneDrive\Desktop\notificacoes-tempo-real\backend\src\test\resources
[INFO] 
[INFO] --- compiler:3.13.0:testCompile (default-testCompile) @ notifications ---
[INFO] Nothing to compile - all classes are up to date.
[INFO] 
[INFO] <<< spring-boot:3.3.7:run (default-cli) < test-compile @ notifications <<<
[INFO] 
[INFO] 
[INFO] --- spring-boot:3.3.7:run (default-cli) @ notifications ---
[INFO] Attaching agents: []

  .   ____          _            __ _ _
 /\\ / ___'_ __ _ _(_)_ __  __ _ \ \ \ \
( ( )\___ | '_ | '_| | '_ \/ _` | \ \ \ \
 \\/  ___)| |_)| | | | | || (_| |  ) ) ) )
  '  |____| .__|_| |_|_| |_\__, | / / / /
 =========|_|==============|___/=/_/_/_/

 :: Spring Boot ::                (v3.3.7)

2026-04-28T09:15:49.873-03:00  INFO 15028 --- [notifications] [           main] c.p.n.NotificationsApplication           : Starting NotificationsApplication using Java 17.0.18 with PID 15028 (C:\Users\Usuįrio\OneDrive\Desktop\notificacoes-tempo-real\backend\target\classes started by Usuįrio in C:\Users\Usuįrio\OneDrive\Desktop\notificacoes-tempo-real\backend)
2026-04-28T09:15:49.877-03:00  INFO 15028 --- [notifications] [           main] c.p.n.NotificationsApplication           : No active profile set, falling back to 1 default profile: "default"
2026-04-28T09:15:50.917-03:00  INFO 15028 --- [notifications] [           main] .s.d.r.c.RepositoryConfigurationDelegate : Multiple Spring Data modules found, entering strict repository configuration mode
2026-04-28T09:15:50.923-03:00  INFO 15028 --- [notifications] [           main] .s.d.r.c.RepositoryConfigurationDelegate : Bootstrapping Spring Data Redis repositories in DEFAULT mode.
2026-04-28T09:15:50.966-03:00  INFO 15028 --- [notifications] [           main] .s.d.r.c.RepositoryConfigurationDelegate : Finished Spring Data repository scanning in 20 ms. Found 0 Redis repository interfaces.
2026-04-28T09:15:51.778-03:00  INFO 15028 --- [notifications] [           main] o.s.b.w.embedded.tomcat.TomcatWebServer  : Tomcat initialized with port 8080 (http)
2026-04-28T09:15:51.798-03:00  INFO 15028 --- [notifications] [           main] o.apache.catalina.core.StandardService   : Starting service [Tomcat]
2026-04-28T09:15:51.799-03:00  INFO 15028 --- [notifications] [           main] o.apache.catalina.core.StandardEngine    : Starting Servlet engine: [Apache Tomcat/10.1.34]
2026-04-28T09:15:51.907-03:00  INFO 15028 --- [notifications] [           main] o.a.c.c.C.[Tomcat].[localhost].[/]       : Initializing Spring embedded WebApplicationContext
2026-04-28T09:15:51.909-03:00  INFO 15028 --- [notifications] [           main] w.s.c.ServletWebServerApplicationContext : Root WebApplicationContext: initialization completed in 1962 ms
2026-04-28T09:15:53.163-03:00  INFO 15028 --- [notifications] [           main] o.s.b.w.embedded.tomcat.TomcatWebServer  : Tomcat started on port 8080 (http) with context path '/'
2026-04-28T09:15:53.176-03:00  INFO 15028 --- [notifications] [           main] c.p.n.NotificationsApplication           : Started NotificationsApplication in 3.914 seconds (process running for 4.567)
2026-04-28T09:15:54.760-03:00  INFO 15028 --- [notifications] [nio-8080-exec-3] o.a.c.c.C.[Tomcat].[localhost].[/]       : Initializing Spring DispatcherServlet 'dispatcherServlet'
2026-04-28T09:15:54.760-03:00  INFO 15028 --- [notifications] [nio-8080-exec-3] o.s.web.servlet.DispatcherServlet        : Initializing Servlet 'dispatcherServlet'
2026-04-28T09:15:54.761-03:00  INFO 15028 --- [notifications] [nio-8080-exec-3] o.s.web.servlet.DispatcherServlet        : Completed initialization in 1 ms
