-------------------------------------------------------------------------------->8
[2026-03-27T15:36:46.226531800Z] [I] starting desktop-build/v0.32.0 go/1.25.8 windows/amd64
[2026-03-27T15:36:46.251734500Z] [I] bugsnag configured
[2026-03-27T15:36:46.251734500Z] [I] current docker context: desktop-linux
[2026-03-27T15:36:56.252150100Z] [W] failed to dial docker daemon on desktop-linux context: unable to upgrade to h2c, received 500
[2026-03-27T15:37:16.267072600Z] [I] builder manager started
[2026-03-27T15:37:16.267602300Z] [I] build store started
[2026-03-27T15:37:16.267602300Z] [I] build manager started
[2026-03-27T15:37:16.268656100Z] [I] starting server (\\.\pipe\dockerDesktopBuildServer)
[2026-03-27T15:37:48.274325700Z] [E] failed to listen to docker events: request returned 500 Internal Server Error for API route and version http://%2F%2F.%2Fpipe%2FdockerDesktopLinuxEngine/v1.53/events?filters=%7B%22event%22%3A%7B%22die%22%3Atrue%2C%22start%22%3Atrue%7D%2C%22type%22%3A%7B%22container%22%3Atrue%7D%7D, check if the server supports the requested API version
[2026-03-27T15:38:16.270076500Z] [W] gc failed: GetFileAttributesEx <HOME>\AppData\Roaming\Docker\buildstore\content\blobs: The system cannot find the path specified.
[2026-03-27T15:38:18.308089700Z] [E] failed to listen to docker events: request returned 500 Internal Server Error for API route and version http://%2F%2F.%2Fpipe%2FdockerDesktopLinuxEngine/v1.53/events?filters=%7B%22event%22%3A%7B%22die%22%3Atrue%2C%22start%22%3Atrue%7D%2C%22type%22%3A%7B%22container%22%3Atrue%7D%7D&since=1774625863.274325700, check if the server supports the requested API version
[2026-03-27T15:38:48.311431100Z] [E] failed to listen to docker events: request returned 500 Internal Server Error for API route and version http://%2F%2F.%2Fpipe%2FdockerDesktopLinuxEngine/v1.53/events?filters=%7B%22event%22%3A%7B%22die%22%3Atrue%2C%22start%22%3Atrue%7D%2C%22type%22%3A%7B%22container%22%3Atrue%7D%7D&since=1774625893.307436100, check if the server supports the requested API version
[2026-03-27T15:39:18.316231400Z] [E] failed to listen to docker events: request returned 500 Internal Server Error for API route and version http://%2F%2F.%2Fpipe%2FdockerDesktopLinuxEngine/v1.53/events?filters=%7B%22event%22%3A%7B%22die%22%3Atrue%2C%22start%22%3Atrue%7D%2C%22type%22%3A%7B%22container%22%3Atrue%7D%7D&since=1774625923.311431100, check if the server supports the requested API version
[2026-03-27T15:39:48.320043500Z] [E] failed to listen to docker events: request returned 500 Internal Server Error for API route and version http://%2F%2F.%2Fpipe%2FdockerDesktopLinuxEngine/v1.53/events?filters=%7B%22event%22%3A%7B%22die%22%3Atrue%2C%22start%22%3Atrue%7D%2C%22type%22%3A%7B%22container%22%3Atrue%7D%7D&since=1774625953.316231400, check if the server supports the requested API version
[2026-03-27T15:40:18.324411600Z] [E] failed to listen to docker events: request returned 500 Internal Server Error for API route and version http://%2F%2F.%2Fpipe%2FdockerDesktopLinuxEngine/v1.53/events?filters=%7B%22event%22%3A%7B%22die%22%3Atrue%2C%22start%22%3Atrue%7D%2C%22type%22%3A%7B%22container%22%3Atrue%7D%7D&since=1774625983.320043500, check if the server supports the requested API version
[2026-03-27T15:40:48.330549100Z] [E] failed to listen to docker events: request returned 500 Internal Server Error for API route and version http://%2F%2F.%2Fpipe%2FdockerDesktopLinuxEngine/v1.53/events?filters=%7B%22event%22%3A%7B%22die%22%3Atrue%2C%22start%22%3Atrue%7D%2C%22type%22%3A%7B%22container%22%3Atrue%7D%7D&since=1774626013.324411600, check if the server supports the requested API version
[2026-03-27T15:41:18.334959900Z] [E] failed to listen to docker events: request returned 500 Internal Server Error for API route and version http://%2F%2F.%2Fpipe%2FdockerDesktopLinuxEngine/v1.53/events?filters=%7B%22event%22%3A%7B%22die%22%3Atrue%2C%22start%22%3Atrue%7D%2C%22type%22%3A%7B%22container%22%3Atrue%7D%7D&since=1774626043.329778300, check if the server supports the requested API version
[2026-03-27T15:52:07.690809900Z] [E] failed to listen to docker events: request returned 500 Internal Server Error for API route and version http://%2F%2F.%2Fpipe%2FdockerDesktopLinuxEngine/v1.53/events?filters=%7B%22event%22%3A%7B%22die%22%3Atrue%2C%22start%22%3Atrue%7D%2C%22type%22%3A%7B%22container%22%3Atrue%7D%7D&since=1774626073.334959900, check if the server supports the requested API version
[2026-03-27T15:52:27.694758400Z] [E] failed to listen to docker events: Error response from daemon: Docker Desktop is unable to start
[2026-03-27T15:52:27.695277300Z] [E] failed to listen to docker events: Error response from daemon: Docker Desktop is unable to start
[2026-03-27T15:53:27.697899100Z] [E] failed to listen to docker events: Error response from daemon: Docker Desktop is unable to start
[2026-03-27T15:54:27.700160700Z] [E] failed to listen to docker events: Error response from daemon: Docker Desktop is unable to start
[2026-03-27T15:55:27.702761000Z] [E] failed to listen to docker events: Error response from daemon: Docker Desktop is unable to start
[2026-03-27T15:56:27.706033100Z] [E] failed to listen to docker events: Error response from daemon: Docker Desktop is unable to start
[2026-03-27T15:57:27.708249900Z] [E] failed to listen to docker events: Error response from daemon: Docker Desktop is unable to start
[2026-03-27T15:58:27.711459100Z] [E] failed to listen to docker events: Error response from daemon: Docker Desktop is unable to start
[2026-03-27T15:59:27.714281400Z] [E] failed to listen to docker events: Error response from daemon: Docker Desktop is unable to start
-------------------------------------------------------------------------------->8
[2026-04-27T12:26:15.905981700Z] [I] starting desktop-build/v0.32.0 go/1.25.8 windows/amd64
[2026-04-27T12:26:15.907576600Z] [I] bugsnag configured
[2026-04-27T12:26:15.912662900Z] [I] current docker context: desktop-linux
[2026-04-27T12:26:25.935864600Z] [W] failed to dial docker daemon on desktop-linux context: unable to upgrade to h2c, received 500
[2026-04-27T12:26:45.959638800Z] [I] builder manager started
[2026-04-27T12:26:45.960792300Z] [I] build store started
[2026-04-27T12:26:45.960792300Z] [I] build manager started
[2026-04-27T12:26:45.961332100Z] [I] starting server (\\.\pipe\dockerDesktopBuildServer)
[2026-04-27T12:27:17.971411500Z] [E] failed to listen to docker events: request returned 500 Internal Server Error for API route and version http://%2F%2F.%2Fpipe%2FdockerDesktopLinuxEngine/v1.53/events?filters=%7B%22event%22%3A%7B%22die%22%3Atrue%2C%22start%22%3Atrue%7D%2C%22type%22%3A%7B%22container%22%3Atrue%7D%7D, check if the server supports the requested API version
[2026-04-27T12:27:45.961334400Z] [W] gc failed: GetFileAttributesEx <HOME>\AppData\Roaming\Docker\buildstore\content\blobs: The system cannot find the path specified.
[2026-04-27T12:27:47.989467900Z] [E] failed to listen to docker events: request returned 500 Internal Server Error for API route and version http://%2F%2F.%2Fpipe%2FdockerDesktopLinuxEngine/v1.53/events?filters=%7B%22event%22%3A%7B%22die%22%3Atrue%2C%22start%22%3Atrue%7D%2C%22type%22%3A%7B%22container%22%3Atrue%7D%7D&since=1777292832.971411500, check if the server supports the requested API version
[2026-04-27T12:28:17.991510600Z] [E] failed to listen to docker events: request returned 500 Internal Server Error for API route and version http://%2F%2F.%2Fpipe%2FdockerDesktopLinuxEngine/v1.53/events?filters=%7B%22event%22%3A%7B%22die%22%3Atrue%2C%22start%22%3Atrue%7D%2C%22type%22%3A%7B%22container%22%3Atrue%7D%7D&since=1777292862.989467900, check if the server supports the requested API version
[2026-04-27T12:28:41.370682600Z] [W] failed to dial docker daemon on desktop-linux context: unable to upgrade to h2c, received 500
[2026-04-27T12:28:47.992869100Z] [E] failed to listen to docker events: request returned 500 Internal Server Error for API route and version http://%2F%2F.%2Fpipe%2FdockerDesktopLinuxEngine/v1.53/events?filters=%7B%22event%22%3A%7B%22die%22%3Atrue%2C%22start%22%3Atrue%7D%2C%22type%22%3A%7B%22container%22%3Atrue%7D%7D&since=1777292892.991510600, check if the server supports the requested API version
[2026-04-27T12:29:17.995650000Z] [E] failed to listen to docker events: request returned 500 Internal Server Error for API route and version http://%2F%2F.%2Fpipe%2FdockerDesktopLinuxEngine/v1.53/events?filters=%7B%22event%22%3A%7B%22die%22%3Atrue%2C%22start%22%3Atrue%7D%2C%22type%22%3A%7B%22container%22%3Atrue%7D%7D&since=1777292922.992869100, check if the server supports the requested API version
[2026-04-27T12:29:47.998894600Z] [E] failed to listen to docker events: request returned 500 Internal Server Error for API route and version http://%2F%2F.%2Fpipe%2FdockerDesktopLinuxEngine/v1.53/events?filters=%7B%22event%22%3A%7B%22die%22%3Atrue%2C%22start%22%3Atrue%7D%2C%22type%22%3A%7B%22container%22%3Atrue%7D%7D&since=1777292952.995650000, check if the server supports the requested API version
[2026-04-27T12:30:18.002701100Z] [E] failed to listen to docker events: request returned 500 Internal Server Error for API route and version http://%2F%2F.%2Fpipe%2FdockerDesktopLinuxEngine/v1.53/events?filters=%7B%22event%22%3A%7B%22die%22%3Atrue%2C%22start%22%3Atrue%7D%2C%22type%22%3A%7B%22container%22%3Atrue%7D%7D&since=1777292982.998385000, check if the server supports the requested API version
[2026-04-27T12:30:48.006462200Z] [E] failed to listen to docker events: request returned 500 Internal Server Error for API route and version http://%2F%2F.%2Fpipe%2FdockerDesktopLinuxEngine/v1.53/events?filters=%7B%22event%22%3A%7B%22die%22%3Atrue%2C%22start%22%3Atrue%7D%2C%22type%22%3A%7B%22container%22%3Atrue%7D%7D&since=1777293013.002701100, check if the server supports the requested API version
[2026-04-27T12:31:18.009040300Z] [E] failed to listen to docker events: request returned 500 Internal Server Error for API route and version http://%2F%2F.%2Fpipe%2FdockerDesktopLinuxEngine/v1.53/events?filters=%7B%22event%22%3A%7B%22die%22%3Atrue%2C%22start%22%3Atrue%7D%2C%22type%22%3A%7B%22container%22%3Atrue%7D%7D&since=1777293043.006462200, check if the server supports the requested API version
[2026-04-27T12:31:48.010631800Z] [E] failed to listen to docker events: request returned 500 Internal Server Error for API route and version http://%2F%2F.%2Fpipe%2FdockerDesktopLinuxEngine/v1.53/events?filters=%7B%22event%22%3A%7B%22die%22%3Atrue%2C%22start%22%3Atrue%7D%2C%22type%22%3A%7B%22container%22%3Atrue%7D%7D&since=1777293073.009040300, check if the server supports the requested API version
[2026-04-27T12:32:18.013521600Z] [E] failed to listen to docker events: request returned 500 Internal Server Error for API route and version http://%2F%2F.%2Fpipe%2FdockerDesktopLinuxEngine/v1.53/events?filters=%7B%22event%22%3A%7B%22die%22%3Atrue%2C%22start%22%3Atrue%7D%2C%22type%22%3A%7B%22container%22%3Atrue%7D%7D&since=1777293103.010631800, check if the server supports the requested API version
[2026-04-27T12:32:48.015791100Z] [E] failed to listen to docker events: request returned 500 Internal Server Error for API route and version http://%2F%2F.%2Fpipe%2FdockerDesktopLinuxEngine/v1.53/events?filters=%7B%22event%22%3A%7B%22die%22%3Atrue%2C%22start%22%3Atrue%7D%2C%22type%22%3A%7B%22container%22%3Atrue%7D%7D&since=1777293133.013521600, check if the server supports the requested API version
[2026-04-27T12:33:18.017358400Z] [E] failed to listen to docker events: request returned 500 Internal Server Error for API route and version http://%2F%2F.%2Fpipe%2FdockerDesktopLinuxEngine/v1.53/events?filters=%7B%22event%22%3A%7B%22die%22%3Atrue%2C%22start%22%3Atrue%7D%2C%22type%22%3A%7B%22container%22%3Atrue%7D%7D&since=1777293163.015791100, check if the server supports the requested API version
[2026-04-27T12:33:48.018956100Z] [E] failed to listen to docker events: request returned 500 Internal Server Error for API route and version http://%2F%2F.%2Fpipe%2FdockerDesktopLinuxEngine/v1.53/events?filters=%7B%22event%22%3A%7B%22die%22%3Atrue%2C%22start%22%3Atrue%7D%2C%22type%22%3A%7B%22container%22%3Atrue%7D%7D&since=1777293193.017358400, check if the server supports the requested API version
[2026-04-27T12:34:18.021478900Z] [E] failed to listen to docker events: request returned 500 Internal Server Error for API route and version http://%2F%2F.%2Fpipe%2FdockerDesktopLinuxEngine/v1.53/events?filters=%7B%22event%22%3A%7B%22die%22%3Atrue%2C%22start%22%3Atrue%7D%2C%22type%22%3A%7B%22container%22%3Atrue%7D%7D&since=1777293223.018956100, check if the server supports the requested API version
[2026-04-27T12:34:48.024859600Z] [E] failed to listen to docker events: request returned 500 Internal Server Error for API route and version http://%2F%2F.%2Fpipe%2FdockerDesktopLinuxEngine/v1.53/events?filters=%7B%22event%22%3A%7B%22die%22%3Atrue%2C%22start%22%3Atrue%7D%2C%22type%22%3A%7B%22container%22%3Atrue%7D%7D&since=1777293253.021478900, check if the server supports the requested API version
[2026-04-27T12:35:18.027195000Z] [E] failed to listen to docker events: request returned 500 Internal Server Error for API route and version http://%2F%2F.%2Fpipe%2FdockerDesktopLinuxEngine/v1.53/events?filters=%7B%22event%22%3A%7B%22die%22%3Atrue%2C%22start%22%3Atrue%7D%2C%22type%22%3A%7B%22container%22%3Atrue%7D%7D&since=1777293283.024859600, check if the server supports the requested API version
[2026-04-27T12:35:45.037210200Z] [I] GET /builders/stream 200 0 692 7m13.6787194s Docker-Desktop/4.66.1 (Windows; x64; GUI)
[2026-04-27T12:35:48.028985200Z] [E] failed to listen to docker events: request returned 500 Internal Server Error for API route and version http://%2F%2F.%2Fpipe%2FdockerDesktopLinuxEngine/v1.53/events?filters=%7B%22event%22%3A%7B%22die%22%3Atrue%2C%22start%22%3Atrue%7D%2C%22type%22%3A%7B%22container%22%3Atrue%7D%7D&since=1777293313.027195000, check if the server supports the requested API version
[2026-04-27T12:36:05.366233600Z] [W] failed to dial docker daemon on desktop-linux context: unable to upgrade to h2c, received 500
[2026-04-27T12:36:05.380744200Z] [I] GET /builders/stream 200 0 623 10.0162959s Docker-Desktop/4.66.1 (Windows; x64; GUI)
[2026-04-27T12:36:18.032598400Z] [E] failed to listen to docker events: request returned 500 Internal Server Error for API route and version http://%2F%2F.%2Fpipe%2FdockerDesktopLinuxEngine/v1.53/events?filters=%7B%22event%22%3A%7B%22die%22%3Atrue%2C%22start%22%3Atrue%7D%2C%22type%22%3A%7B%22container%22%3Atrue%7D%7D&since=1777293343.028985200, check if the server supports the requested API version
[2026-04-27T12:36:48.037137600Z] [E] failed to listen to docker events: request returned 500 Internal Server Error for API route and version http://%2F%2F.%2Fpipe%2FdockerDesktopLinuxEngine/v1.53/events?filters=%7B%22event%22%3A%7B%22die%22%3Atrue%2C%22start%22%3Atrue%7D%2C%22type%22%3A%7B%22container%22%3Atrue%7D%7D&since=1777293373.032598400, check if the server supports the requested API version
[2026-04-27T12:37:18.142410700Z] [E] failed to listen to docker events: request returned 500 Internal Server Error for API route and version http://%2F%2F.%2Fpipe%2FdockerDesktopLinuxEngine/v1.53/events?filters=%7B%22event%22%3A%7B%22die%22%3Atrue%2C%22start%22%3Atrue%7D%2C%22type%22%3A%7B%22container%22%3Atrue%7D%7D&since=1777293403.037137600, check if the server supports the requested API version
[2026-04-27T12:37:48.144467100Z] [E] failed to listen to docker events: request returned 500 Internal Server Error for API route and version http://%2F%2F.%2Fpipe%2FdockerDesktopLinuxEngine/v1.53/events?filters=%7B%22event%22%3A%7B%22die%22%3Atrue%2C%22start%22%3Atrue%7D%2C%22type%22%3A%7B%22container%22%3Atrue%7D%7D&since=1777293433.142410700, check if the server supports the requested API version
[2026-04-27T12:38:18.148127700Z] [E] failed to listen to docker events: request returned 500 Internal Server Error for API route and version http://%2F%2F.%2Fpipe%2FdockerDesktopLinuxEngine/v1.53/events?filters=%7B%22event%22%3A%7B%22die%22%3Atrue%2C%22start%22%3Atrue%7D%2C%22type%22%3A%7B%22container%22%3Atrue%7D%7D&since=1777293463.144467100, check if the server supports the requested API version
[2026-04-27T12:38:48.151065100Z] [E] failed to listen to docker events: request returned 500 Internal Server Error for API route and version http://%2F%2F.%2Fpipe%2FdockerDesktopLinuxEngine/v1.53/events?filters=%7B%22event%22%3A%7B%22die%22%3Atrue%2C%22start%22%3Atrue%7D%2C%22type%22%3A%7B%22container%22%3Atrue%7D%7D&since=1777293493.148127700, check if the server supports the requested API version
[2026-04-27T12:39:18.151830200Z] [E] failed to listen to docker events: request returned 500 Internal Server Error for API route and version http://%2F%2F.%2Fpipe%2FdockerDesktopLinuxEngine/v1.53/events?filters=%7B%22event%22%3A%7B%22die%22%3Atrue%2C%22start%22%3Atrue%7D%2C%22type%22%3A%7B%22container%22%3Atrue%7D%7D&since=1777293523.151065100, check if the server supports the requested API version
[2026-04-27T12:39:48.154762900Z] [E] failed to listen to docker events: request returned 500 Internal Server Error for API route and version http://%2F%2F.%2Fpipe%2FdockerDesktopLinuxEngine/v1.53/events?filters=%7B%22event%22%3A%7B%22die%22%3Atrue%2C%22start%22%3Atrue%7D%2C%22type%22%3A%7B%22container%22%3Atrue%7D%7D&since=1777293553.151830200, check if the server supports the requested API version
[2026-04-27T12:40:18.157748300Z] [E] failed to listen to docker events: request returned 500 Internal Server Error for API route and version http://%2F%2F.%2Fpipe%2FdockerDesktopLinuxEngine/v1.53/events?filters=%7B%22event%22%3A%7B%22die%22%3Atrue%2C%22start%22%3Atrue%7D%2C%22type%22%3A%7B%22container%22%3Atrue%7D%7D&since=1777293583.154762900, check if the server supports the requested API version
[2026-04-27T12:40:48.161486000Z] [E] failed to listen to docker events: request returned 500 Internal Server Error for API route and version http://%2F%2F.%2Fpipe%2FdockerDesktopLinuxEngine/v1.53/events?filters=%7B%22event%22%3A%7B%22die%22%3Atrue%2C%22start%22%3Atrue%7D%2C%22type%22%3A%7B%22container%22%3Atrue%7D%7D&since=1777293613.157748300, check if the server supports the requested API version
[2026-04-27T12:41:18.162928100Z] [E] failed to listen to docker events: request returned 500 Internal Server Error for API route and version http://%2F%2F.%2Fpipe%2FdockerDesktopLinuxEngine/v1.53/events?filters=%7B%22event%22%3A%7B%22die%22%3Atrue%2C%22start%22%3Atrue%7D%2C%22type%22%3A%7B%22container%22%3Atrue%7D%7D&since=1777293643.160263200, check if the server supports the requested API version
[2026-04-27T12:41:48.164712400Z] [E] failed to listen to docker events: request returned 500 Internal Server Error for API route and version http://%2F%2F.%2Fpipe%2FdockerDesktopLinuxEngine/v1.53/events?filters=%7B%22event%22%3A%7B%22die%22%3Atrue%2C%22start%22%3Atrue%7D%2C%22type%22%3A%7B%22container%22%3Atrue%7D%7D&since=1777293673.162928100, check if the server supports the requested API version
[2026-04-27T12:42:18.167738000Z] [E] failed to listen to docker events: request returned 500 Internal Server Error for API route and version http://%2F%2F.%2Fpipe%2FdockerDesktopLinuxEngine/v1.53/events?filters=%7B%22event%22%3A%7B%22die%22%3Atrue%2C%22start%22%3Atrue%7D%2C%22type%22%3A%7B%22container%22%3Atrue%7D%7D&since=1777293703.164712400, check if the server supports the requested API version
[2026-04-27T12:42:48.169852600Z] [E] failed to listen to docker events: request returned 500 Internal Server Error for API route and version http://%2F%2F.%2Fpipe%2FdockerDesktopLinuxEngine/v1.53/events?filters=%7B%22event%22%3A%7B%22die%22%3Atrue%2C%22start%22%3Atrue%7D%2C%22type%22%3A%7B%22container%22%3Atrue%7D%7D&since=1777293733.167085100, check if the server supports the requested API version
[2026-04-27T12:43:18.172079500Z] [E] failed to listen to docker events: request returned 500 Internal Server Error for API route and version http://%2F%2F.%2Fpipe%2FdockerDesktopLinuxEngine/v1.53/events?filters=%7B%22event%22%3A%7B%22die%22%3Atrue%2C%22start%22%3Atrue%7D%2C%22type%22%3A%7B%22container%22%3Atrue%7D%7D&since=1777293763.169852600, check if the server supports the requested API version
[2026-04-27T12:43:48.173553900Z] [E] failed to listen to docker events: request returned 500 Internal Server Error for API route and version http://%2F%2F.%2Fpipe%2FdockerDesktopLinuxEngine/v1.53/events?filters=%7B%22event%22%3A%7B%22die%22%3Atrue%2C%22start%22%3Atrue%7D%2C%22type%22%3A%7B%22container%22%3Atrue%7D%7D&since=1777293793.172079500, check if the server supports the requested API version
[2026-04-27T12:44:18.175306500Z] [E] failed to listen to docker events: request returned 500 Internal Server Error for API route and version http://%2F%2F.%2Fpipe%2FdockerDesktopLinuxEngine/v1.53/events?filters=%7B%22event%22%3A%7B%22die%22%3Atrue%2C%22start%22%3Atrue%7D%2C%22type%22%3A%7B%22container%22%3Atrue%7D%7D&since=1777293823.173553900, check if the server supports the requested API version
[2026-04-27T12:44:48.177363400Z] [E] failed to listen to docker events: request returned 500 Internal Server Error for API route and version http://%2F%2F.%2Fpipe%2FdockerDesktopLinuxEngine/v1.53/events?filters=%7B%22event%22%3A%7B%22die%22%3Atrue%2C%22start%22%3Atrue%7D%2C%22type%22%3A%7B%22container%22%3Atrue%7D%7D&since=1777293853.174800300, check if the server supports the requested API version
[2026-04-27T12:45:18.179050800Z] [E] failed to listen to docker events: request returned 500 Internal Server Error for API route and version http://%2F%2F.%2Fpipe%2FdockerDesktopLinuxEngine/v1.53/events?filters=%7B%22event%22%3A%7B%22die%22%3Atrue%2C%22start%22%3Atrue%7D%2C%22type%22%3A%7B%22container%22%3Atrue%7D%7D&since=1777293883.177363400, check if the server supports the requested API version
[2026-04-27T12:45:48.180341000Z] [E] failed to listen to docker events: request returned 500 Internal Server Error for API route and version http://%2F%2F.%2Fpipe%2FdockerDesktopLinuxEngine/v1.53/events?filters=%7B%22event%22%3A%7B%22die%22%3Atrue%2C%22start%22%3Atrue%7D%2C%22type%22%3A%7B%22container%22%3Atrue%7D%7D&since=1777293913.179050800, check if the server supports the requested API version
-------------------------------------------------------------------------------->8
[2026-04-27T12:45:56.580142200Z] [I] starting desktop-build/v0.32.0 go/1.25.8 windows/amd64
[2026-04-27T12:45:56.580656500Z] [I] bugsnag configured
[2026-04-27T12:45:56.580656500Z] [I] current docker context: desktop-linux
[2026-04-27T12:46:06.593943500Z] [W] failed to dial docker daemon on desktop-linux context: unable to upgrade to h2c, received 500
[2026-04-27T12:46:06.610806800Z] [I] builder manager started
[2026-04-27T12:46:06.610806800Z] [I] build store started
[2026-04-27T12:46:06.610806800Z] [I] build manager started
[2026-04-27T12:46:06.610806800Z] [I] starting server (\\.\pipe\dockerDesktopBuildServer)
[2026-04-27T12:46:06.614143800Z] [E] failed to listen to docker events: Error response from daemon: Docker Desktop is unable to start
[2026-04-27T12:47:06.611858000Z] [W] gc failed: GetFileAttributesEx <HOME>\AppData\Roaming\Docker\buildstore\content\blobs: The system cannot find the path specified.
[2026-04-27T12:47:36.634777500Z] [E] failed to listen to docker events: request returned 500 Internal Server Error for API route and version http://%2F%2F.%2Fpipe%2FdockerDesktopLinuxEngine/v1.53/events?filters=%7B%22event%22%3A%7B%22die%22%3Atrue%2C%22start%22%3Atrue%7D%2C%22type%22%3A%7B%22container%22%3Atrue%7D%7D&since=1777293961.613586000, check if the server supports the requested API version
[2026-04-27T12:48:06.638652500Z] [E] failed to listen to docker events: request returned 500 Internal Server Error for API route and version http://%2F%2F.%2Fpipe%2FdockerDesktopLinuxEngine/v1.53/events?filters=%7B%22event%22%3A%7B%22die%22%3Atrue%2C%22start%22%3Atrue%7D%2C%22type%22%3A%7B%22container%22%3Atrue%7D%7D&since=1777294051.634777500, check if the server supports the requested API version
[2026-04-27T12:48:36.640543500Z] [E] failed to listen to docker events: request returned 500 Internal Server Error for API route and version http://%2F%2F.%2Fpipe%2FdockerDesktopLinuxEngine/v1.53/events?filters=%7B%22event%22%3A%7B%22die%22%3Atrue%2C%22start%22%3Atrue%7D%2C%22type%22%3A%7B%22container%22%3Atrue%7D%7D&since=1777294081.638652500, check if the server supports the requested API version
[2026-04-27T12:49:06.644628900Z] [E] failed to listen to docker events: request returned 500 Internal Server Error for API route and version http://%2F%2F.%2Fpipe%2FdockerDesktopLinuxEngine/v1.53/events?filters=%7B%22event%22%3A%7B%22die%22%3Atrue%2C%22start%22%3Atrue%7D%2C%22type%22%3A%7B%22container%22%3Atrue%7D%7D&since=1777294111.640543500, check if the server supports the requested API version
[2026-04-27T12:49:36.647919600Z] [E] failed to listen to docker events: request returned 500 Internal Server Error for API route and version http://%2F%2F.%2Fpipe%2FdockerDesktopLinuxEngine/v1.53/events?filters=%7B%22event%22%3A%7B%22die%22%3Atrue%2C%22start%22%3Atrue%7D%2C%22type%22%3A%7B%22container%22%3Atrue%7D%7D&since=1777294141.644628900, check if the server supports the requested API version
[2026-04-27T12:50:06.650029000Z] [E] failed to listen to docker events: request returned 500 Internal Server Error for API route and version http://%2F%2F.%2Fpipe%2FdockerDesktopLinuxEngine/v1.53/events?filters=%7B%22event%22%3A%7B%22die%22%3Atrue%2C%22start%22%3Atrue%7D%2C%22type%22%3A%7B%22container%22%3Atrue%7D%7D&since=1777294171.647389100, check if the server supports the requested API version
[2026-04-27T12:50:36.664160200Z] [E] failed to listen to docker events: request returned 500 Internal Server Error for API route and version http://%2F%2F.%2Fpipe%2FdockerDesktopLinuxEngine/v1.53/events?filters=%7B%22event%22%3A%7B%22die%22%3Atrue%2C%22start%22%3Atrue%7D%2C%22type%22%3A%7B%22container%22%3Atrue%7D%7D&since=1777294201.650029000, check if the server supports the requested API version
[2026-04-27T12:51:06.672641600Z] [E] failed to listen to docker events: request returned 500 Internal Server Error for API route and version http://%2F%2F.%2Fpipe%2FdockerDesktopLinuxEngine/v1.53/events?filters=%7B%22event%22%3A%7B%22die%22%3Atrue%2C%22start%22%3Atrue%7D%2C%22type%22%3A%7B%22container%22%3Atrue%7D%7D&since=1777294231.657954600, check if the server supports the requested API version
[2026-04-27T12:51:36.676008100Z] [E] failed to listen to docker events: request returned 500 Internal Server Error for API route and version http://%2F%2F.%2Fpipe%2FdockerDesktopLinuxEngine/v1.53/events?filters=%7B%22event%22%3A%7B%22die%22%3Atrue%2C%22start%22%3Atrue%7D%2C%22type%22%3A%7B%22container%22%3Atrue%7D%7D&since=1777294261.672641600, check if the server supports the requested API version
[2026-04-27T12:52:06.679616300Z] [E] failed to listen to docker events: request returned 500 Internal Server Error for API route and version http://%2F%2F.%2Fpipe%2FdockerDesktopLinuxEngine/v1.53/events?filters=%7B%22event%22%3A%7B%22die%22%3Atrue%2C%22start%22%3Atrue%7D%2C%22type%22%3A%7B%22container%22%3Atrue%7D%7D&since=1777294291.676008100, check if the server supports the requested API version
[2026-04-27T12:52:36.766480100Z] [E] failed to listen to docker events: request returned 500 Internal Server Error for API route and version http://%2F%2F.%2Fpipe%2FdockerDesktopLinuxEngine/v1.53/events?filters=%7B%22event%22%3A%7B%22die%22%3Atrue%2C%22start%22%3Atrue%7D%2C%22type%22%3A%7B%22container%22%3Atrue%7D%7D&since=1777294321.679090300, check if the server supports the requested API version
[2026-04-27T12:53:06.788896300Z] [E] failed to listen to docker events: request returned 500 Internal Server Error for API route and version http://%2F%2F.%2Fpipe%2FdockerDesktopLinuxEngine/v1.53/events?filters=%7B%22event%22%3A%7B%22die%22%3Atrue%2C%22start%22%3Atrue%7D%2C%22type%22%3A%7B%22container%22%3Atrue%7D%7D&since=1777294351.738855800, check if the server supports the requested API version
[2026-04-27T12:53:36.791428200Z] [E] failed to listen to docker events: request returned 500 Internal Server Error for API route and version http://%2F%2F.%2Fpipe%2FdockerDesktopLinuxEngine/v1.53/events?filters=%7B%22event%22%3A%7B%22die%22%3Atrue%2C%22start%22%3Atrue%7D%2C%22type%22%3A%7B%22container%22%3Atrue%7D%7D&since=1777294381.788896300, check if the server supports the requested API version
[2026-04-27T12:54:06.797622100Z] [E] failed to listen to docker events: request returned 500 Internal Server Error for API route and version http://%2F%2F.%2Fpipe%2FdockerDesktopLinuxEngine/v1.53/events?filters=%7B%22event%22%3A%7B%22die%22%3Atrue%2C%22start%22%3Atrue%7D%2C%22type%22%3A%7B%22container%22%3Atrue%7D%7D&since=1777294411.791428200, check if the server supports the requested API version
[2026-04-27T12:54:36.800218700Z] [E] failed to listen to docker events: request returned 500 Internal Server Error for API route and version http://%2F%2F.%2Fpipe%2FdockerDesktopLinuxEngine/v1.53/events?filters=%7B%22event%22%3A%7B%22die%22%3Atrue%2C%22start%22%3Atrue%7D%2C%22type%22%3A%7B%22container%22%3Atrue%7D%7D&since=1777294441.796977000, check if the server supports the requested API version
[2026-04-27T12:55:06.802978300Z] [E] failed to listen to docker events: request returned 500 Internal Server Error for API route and version http://%2F%2F.%2Fpipe%2FdockerDesktopLinuxEngine/v1.53/events?filters=%7B%22event%22%3A%7B%22die%22%3Atrue%2C%22start%22%3Atrue%7D%2C%22type%22%3A%7B%22container%22%3Atrue%7D%7D&since=1777294471.800218700, check if the server supports the requested API version
-------------------------------------------------------------------------------->8
[2026-04-27T12:56:22.826125600Z] [I] starting desktop-build/v0.32.0 go/1.25.8 windows/amd64
[2026-04-27T12:56:22.834541200Z] [I] bugsnag configured
[2026-04-27T12:56:22.834541200Z] [I] current docker context: desktop-linux
[2026-04-27T12:56:32.844389100Z] [W] failed to dial docker daemon on desktop-linux context: unable to upgrade to h2c, received 500
[2026-04-27T12:56:52.930294600Z] [I] builder manager started
[2026-04-27T12:56:52.931869300Z] [I] build store started
[2026-04-27T12:56:52.933434700Z] [I] build manager started
[2026-04-27T12:56:52.933960700Z] [I] starting server (\\.\pipe\dockerDesktopBuildServer)
[2026-04-27T12:57:24.984065900Z] [E] failed to listen to docker events: request returned 500 Internal Server Error for API route and version http://%2F%2F.%2Fpipe%2FdockerDesktopLinuxEngine/v1.53/events?filters=%7B%22event%22%3A%7B%22die%22%3Atrue%2C%22start%22%3Atrue%7D%2C%22type%22%3A%7B%22container%22%3Atrue%7D%7D, check if the server supports the requested API version
[2026-04-27T12:57:52.933599600Z] [W] gc failed: GetFileAttributesEx <HOME>\AppData\Roaming\Docker\buildstore\content\blobs: The system cannot find the path specified.
[2026-04-27T12:57:55.001913900Z] [E] failed to listen to docker events: request returned 500 Internal Server Error for API route and version http://%2F%2F.%2Fpipe%2FdockerDesktopLinuxEngine/v1.53/events?filters=%7B%22event%22%3A%7B%22die%22%3Atrue%2C%22start%22%3Atrue%7D%2C%22type%22%3A%7B%22container%22%3Atrue%7D%7D&since=1777294639.984065900, check if the server supports the requested API version
[2026-04-27T12:58:25.004482400Z] [E] failed to listen to docker events: request returned 500 Internal Server Error for API route and version http://%2F%2F.%2Fpipe%2FdockerDesktopLinuxEngine/v1.53/events?filters=%7B%22event%22%3A%7B%22die%22%3Atrue%2C%22start%22%3Atrue%7D%2C%22type%22%3A%7B%22container%22%3Atrue%7D%7D&since=1777294670.001913900, check if the server supports the requested API version
[2026-04-27T12:58:55.021768400Z] [E] failed to listen to docker events: request returned 500 Internal Server Error for API route and version http://%2F%2F.%2Fpipe%2FdockerDesktopLinuxEngine/v1.53/events?filters=%7B%22event%22%3A%7B%22die%22%3Atrue%2C%22start%22%3Atrue%7D%2C%22type%22%3A%7B%22container%22%3Atrue%7D%7D&since=1777294700.004482400, check if the server supports the requested API version
[2026-04-27T12:59:25.026047200Z] [E] failed to listen to docker events: request returned 500 Internal Server Error for API route and version http://%2F%2F.%2Fpipe%2FdockerDesktopLinuxEngine/v1.53/events?filters=%7B%22event%22%3A%7B%22die%22%3Atrue%2C%22start%22%3Atrue%7D%2C%22type%22%3A%7B%22container%22%3Atrue%7D%7D&since=1777294730.021239500, check if the server supports the requested API version
-------------------------------------------------------------------------------->8
[2026-04-27T12:59:57.849423300Z] [I] starting desktop-build/v0.33.0 go/1.25.8 windows/amd64
[2026-04-27T12:59:57.849930300Z] [I] bugsnag configured
[2026-04-27T12:59:57.862239900Z] [I] current docker context: desktop-linux
[2026-04-27T13:00:08.134464400Z] [W] failed to dial docker daemon on desktop-linux context: unable to upgrade to h2c, received 500
[2026-04-27T13:00:28.157866300Z] [I] builder manager started
[2026-04-27T13:00:28.157866300Z] [I] build store started
[2026-04-27T13:00:28.157866300Z] [I] build manager started
[2026-04-27T13:00:28.157866300Z] [I] starting server (\\.\pipe\dockerDesktopBuildServer)
[2026-04-27T13:01:00.163290400Z] [E] failed to listen to docker events: request returned 500 Internal Server Error for API route and version http://%2F%2F.%2Fpipe%2FdockerDesktopLinuxEngine/v1.54/events?filters=%7B%22event%22%3A%7B%22die%22%3Atrue%2C%22start%22%3Atrue%7D%2C%22type%22%3A%7B%22container%22%3Atrue%7D%7D, check if the server supports the requested API version
[2026-04-27T13:01:16.080566700Z] [W] failed to dial docker daemon on desktop-linux context: unable to upgrade to h2c, received 500
[2026-04-27T13:01:16.093769100Z] [I] GET /builders/stream 200 0 623 10.0152792s Docker-Desktop/4.71.0 (Windows; x64; GUI)
[2026-04-27T13:01:28.263270500Z] [W] gc failed: GetFileAttributesEx <HOME>\AppData\Roaming\Docker\buildstore\content\blobs: The system cannot find the path specified.
[2026-04-27T13:01:30.195204000Z] [E] failed to listen to docker events: request returned 500 Internal Server Error for API route and version http://%2F%2F.%2Fpipe%2FdockerDesktopLinuxEngine/v1.54/events?filters=%7B%22event%22%3A%7B%22die%22%3Atrue%2C%22start%22%3Atrue%7D%2C%22type%22%3A%7B%22container%22%3Atrue%7D%7D&since=1777294855.163290400, check if the server supports the requested API version
[2026-04-27T13:02:00.198947700Z] [E] failed to listen to docker events: request returned 500 Internal Server Error for API route and version http://%2F%2F.%2Fpipe%2FdockerDesktopLinuxEngine/v1.54/events?filters=%7B%22event%22%3A%7B%22die%22%3Atrue%2C%22start%22%3Atrue%7D%2C%22type%22%3A%7B%22container%22%3Atrue%7D%7D&since=1777294885.189743700, check if the server supports the requested API version
[2026-04-27T13:02:30.202029800Z] [E] failed to listen to docker events: request returned 500 Internal Server Error for API route and version http://%2F%2F.%2Fpipe%2FdockerDesktopLinuxEngine/v1.54/events?filters=%7B%22event%22%3A%7B%22die%22%3Atrue%2C%22start%22%3Atrue%7D%2C%22type%22%3A%7B%22container%22%3Atrue%7D%7D&since=1777294915.198947700, check if the server supports the requested API version
[2026-04-27T13:03:00.249043500Z] [E] failed to listen to docker events: request returned 500 Internal Server Error for API route and version http://%2F%2F.%2Fpipe%2FdockerDesktopLinuxEngine/v1.54/events?filters=%7B%22event%22%3A%7B%22die%22%3Atrue%2C%22start%22%3Atrue%7D%2C%22type%22%3A%7B%22container%22%3Atrue%7D%7D&since=1777294945.202029800, check if the server supports the requested API version
[2026-04-27T13:03:30.251022200Z] [E] failed to listen to docker events: request returned 500 Internal Server Error for API route and version http://%2F%2F.%2Fpipe%2FdockerDesktopLinuxEngine/v1.54/events?filters=%7B%22event%22%3A%7B%22die%22%3Atrue%2C%22start%22%3Atrue%7D%2C%22type%22%3A%7B%22container%22%3Atrue%7D%7D&since=1777294975.248344400, check if the server supports the requested API version
[2026-04-27T13:04:00.252554800Z] [E] failed to listen to docker events: request returned 500 Internal Server Error for API route and version http://%2F%2F.%2Fpipe%2FdockerDesktopLinuxEngine/v1.54/events?filters=%7B%22event%22%3A%7B%22die%22%3Atrue%2C%22start%22%3Atrue%7D%2C%22type%22%3A%7B%22container%22%3Atrue%7D%7D&since=1777295005.251022200, check if the server supports the requested API version
[2026-04-27T13:04:30.255413500Z] [E] failed to listen to docker events: request returned 500 Internal Server Error for API route and version http://%2F%2F.%2Fpipe%2FdockerDesktopLinuxEngine/v1.54/events?filters=%7B%22event%22%3A%7B%22die%22%3Atrue%2C%22start%22%3Atrue%7D%2C%22type%22%3A%7B%22container%22%3Atrue%7D%7D&since=1777295035.252554800, check if the server supports the requested API version
[2026-04-27T13:05:00.257620400Z] [E] failed to listen to docker events: request returned 500 Internal Server Error for API route and version http://%2F%2F.%2Fpipe%2FdockerDesktopLinuxEngine/v1.54/events?filters=%7B%22event%22%3A%7B%22die%22%3Atrue%2C%22start%22%3Atrue%7D%2C%22type%22%3A%7B%22container%22%3Atrue%7D%7D&since=1777295065.255413500, check if the server supports the requested API version
[2026-04-27T13:05:30.260205900Z] [E] failed to listen to docker events: request returned 500 Internal Server Error for API route and version http://%2F%2F.%2Fpipe%2FdockerDesktopLinuxEngine/v1.54/events?filters=%7B%22event%22%3A%7B%22die%22%3Atrue%2C%22start%22%3Atrue%7D%2C%22type%22%3A%7B%22container%22%3Atrue%7D%7D&since=1777295095.257620400, check if the server supports the requested API version
[2026-04-27T13:06:00.264894200Z] [E] failed to listen to docker events: request returned 500 Internal Server Error for API route and version http://%2F%2F.%2Fpipe%2FdockerDesktopLinuxEngine/v1.54/events?filters=%7B%22event%22%3A%7B%22die%22%3Atrue%2C%22start%22%3Atrue%7D%2C%22type%22%3A%7B%22container%22%3Atrue%7D%7D&since=1777295125.260205900, check if the server supports the requested API version
[2026-04-27T13:06:30.269094800Z] [E] failed to listen to docker events: request returned 500 Internal Server Error for API route and version http://%2F%2F.%2Fpipe%2FdockerDesktopLinuxEngine/v1.54/events?filters=%7B%22event%22%3A%7B%22die%22%3Atrue%2C%22start%22%3Atrue%7D%2C%22type%22%3A%7B%22container%22%3Atrue%7D%7D&since=1777295155.264894200, check if the server supports the requested API version
[2026-04-27T13:07:00.271252400Z] [E] failed to listen to docker events: request returned 500 Internal Server Error for API route and version http://%2F%2F.%2Fpipe%2FdockerDesktopLinuxEngine/v1.54/events?filters=%7B%22event%22%3A%7B%22die%22%3Atrue%2C%22start%22%3Atrue%7D%2C%22type%22%3A%7B%22container%22%3Atrue%7D%7D&since=1777295185.269094800, check if the server supports the requested API version
[2026-04-27T13:07:30.273776600Z] [E] failed to listen to docker events: request returned 500 Internal Server Error for API route and version http://%2F%2F.%2Fpipe%2FdockerDesktopLinuxEngine/v1.54/events?filters=%7B%22event%22%3A%7B%22die%22%3Atrue%2C%22start%22%3Atrue%7D%2C%22type%22%3A%7B%22container%22%3Atrue%7D%7D&since=1777295215.271252400, check if the server supports the requested API version
[2026-04-27T13:08:00.276361100Z] [E] failed to listen to docker events: request returned 500 Internal Server Error for API route and version http://%2F%2F.%2Fpipe%2FdockerDesktopLinuxEngine/v1.54/events?filters=%7B%22event%22%3A%7B%22die%22%3Atrue%2C%22start%22%3Atrue%7D%2C%22type%22%3A%7B%22container%22%3Atrue%7D%7D&since=1777295245.273252700, check if the server supports the requested API version
[2026-04-27T13:08:30.278395300Z] [E] failed to listen to docker events: request returned 500 Internal Server Error for API route and version http://%2F%2F.%2Fpipe%2FdockerDesktopLinuxEngine/v1.54/events?filters=%7B%22event%22%3A%7B%22die%22%3Atrue%2C%22start%22%3Atrue%7D%2C%22type%22%3A%7B%22container%22%3Atrue%7D%7D&since=1777295275.276361100, check if the server supports the requested API version
[2026-04-27T13:09:00.281369000Z] [E] failed to listen to docker events: request returned 500 Internal Server Error for API route and version http://%2F%2F.%2Fpipe%2FdockerDesktopLinuxEngine/v1.54/events?filters=%7B%22event%22%3A%7B%22die%22%3Atrue%2C%22start%22%3Atrue%7D%2C%22type%22%3A%7B%22container%22%3Atrue%7D%7D&since=1777295305.277819000, check if the server supports the requested API version
-------------------------------------------------------------------------------->8
[2026-04-27T13:13:03.522728800Z] [I] starting desktop-build/v0.33.0 go/1.25.8 windows/amd64
[2026-04-27T13:13:03.530574800Z] [I] bugsnag configured
[2026-04-27T13:13:03.537958300Z] [I] current docker context: desktop-linux
[2026-04-27T13:13:13.773968500Z] [W] failed to dial docker daemon on desktop-linux context: unable to upgrade to h2c, received 500
[2026-04-27T13:13:34.035872500Z] [I] builder manager started
[2026-04-27T13:13:34.036184700Z] [I] build store started
[2026-04-27T13:13:34.036184700Z] [I] build manager started
[2026-04-27T13:13:34.036692700Z] [I] starting server (\\.\pipe\dockerDesktopBuildServer)
[2026-04-27T13:14:06.045407000Z] [E] failed to listen to docker events: request returned 500 Internal Server Error for API route and version http://%2F%2F.%2Fpipe%2FdockerDesktopLinuxEngine/v1.54/events?filters=%7B%22event%22%3A%7B%22die%22%3Atrue%2C%22start%22%3Atrue%7D%2C%22type%22%3A%7B%22container%22%3Atrue%7D%7D, check if the server supports the requested API version
[2026-04-27T13:14:34.039114500Z] [W] gc failed: GetFileAttributesEx <HOME>\AppData\Roaming\Docker\buildstore\content\blobs: The system cannot find the path specified.
[2026-04-27T13:14:36.057148200Z] [E] failed to listen to docker events: request returned 500 Internal Server Error for API route and version http://%2F%2F.%2Fpipe%2FdockerDesktopLinuxEngine/v1.54/events?filters=%7B%22event%22%3A%7B%22die%22%3Atrue%2C%22start%22%3Atrue%7D%2C%22type%22%3A%7B%22container%22%3Atrue%7D%7D&since=1777295641.045407000, check if the server supports the requested API version
[2026-04-27T13:15:06.062646100Z] [E] failed to listen to docker events: request returned 500 Internal Server Error for API route and version http://%2F%2F.%2Fpipe%2FdockerDesktopLinuxEngine/v1.54/events?filters=%7B%22event%22%3A%7B%22die%22%3Atrue%2C%22start%22%3Atrue%7D%2C%22type%22%3A%7B%22container%22%3Atrue%7D%7D&since=1777295671.057148200, check if the server supports the requested API version
[2026-04-27T13:15:36.131152400Z] [E] failed to listen to docker events: request returned 500 Internal Server Error for API route and version http://%2F%2F.%2Fpipe%2FdockerDesktopLinuxEngine/v1.54/events?filters=%7B%22event%22%3A%7B%22die%22%3Atrue%2C%22start%22%3Atrue%7D%2C%22type%22%3A%7B%22container%22%3Atrue%7D%7D&since=1777295701.062135200, check if the server supports the requested API version
[2026-04-27T13:16:06.139295200Z] [E] failed to listen to docker events: request returned 500 Internal Server Error for API route and version http://%2F%2F.%2Fpipe%2FdockerDesktopLinuxEngine/v1.54/events?filters=%7B%22event%22%3A%7B%22die%22%3Atrue%2C%22start%22%3Atrue%7D%2C%22type%22%3A%7B%22container%22%3Atrue%7D%7D&since=1777295731.131152400, check if the server supports the requested API version
[2026-04-27T13:16:36.143549100Z] [E] failed to listen to docker events: request returned 500 Internal Server Error for API route and version http://%2F%2F.%2Fpipe%2FdockerDesktopLinuxEngine/v1.54/events?filters=%7B%22event%22%3A%7B%22die%22%3Atrue%2C%22start%22%3Atrue%7D%2C%22type%22%3A%7B%22container%22%3Atrue%7D%7D&since=1777295761.139295200, check if the server supports the requested API version
[2026-04-27T13:17:06.147713700Z] [E] failed to listen to docker events: request returned 500 Internal Server Error for API route and version http://%2F%2F.%2Fpipe%2FdockerDesktopLinuxEngine/v1.54/events?filters=%7B%22event%22%3A%7B%22die%22%3Atrue%2C%22start%22%3Atrue%7D%2C%22type%22%3A%7B%22container%22%3Atrue%7D%7D&since=1777295791.143549100, check if the server supports the requested API version
[2026-04-27T13:17:36.158244800Z] [E] failed to listen to docker events: request returned 500 Internal Server Error for API route and version http://%2F%2F.%2Fpipe%2FdockerDesktopLinuxEngine/v1.54/events?filters=%7B%22event%22%3A%7B%22die%22%3Atrue%2C%22start%22%3Atrue%7D%2C%22type%22%3A%7B%22container%22%3Atrue%7D%7D&since=1777295821.147200400, check if the server supports the requested API version
[2026-04-27T13:18:06.160623700Z] [E] failed to listen to docker events: request returned 500 Internal Server Error for API route and version http://%2F%2F.%2Fpipe%2FdockerDesktopLinuxEngine/v1.54/events?filters=%7B%22event%22%3A%7B%22die%22%3Atrue%2C%22start%22%3Atrue%7D%2C%22type%22%3A%7B%22container%22%3Atrue%7D%7D&since=1777295851.158244800, check if the server supports the requested API version
[2026-04-27T13:18:36.165916900Z] [E] failed to listen to docker events: request returned 500 Internal Server Error for API route and version http://%2F%2F.%2Fpipe%2FdockerDesktopLinuxEngine/v1.54/events?filters=%7B%22event%22%3A%7B%22die%22%3Atrue%2C%22start%22%3Atrue%7D%2C%22type%22%3A%7B%22container%22%3Atrue%7D%7D&since=1777295881.160623700, check if the server supports the requested API version
[2026-04-27T13:19:06.170904500Z] [E] failed to listen to docker events: request returned 500 Internal Server Error for API route and version http://%2F%2F.%2Fpipe%2FdockerDesktopLinuxEngine/v1.54/events?filters=%7B%22event%22%3A%7B%22die%22%3Atrue%2C%22start%22%3Atrue%7D%2C%22type%22%3A%7B%22container%22%3Atrue%7D%7D&since=1777295911.165002400, check if the server supports the requested API version
[2026-04-27T13:19:36.172838500Z] [E] failed to listen to docker events: request returned 500 Internal Server Error for API route and version http://%2F%2F.%2Fpipe%2FdockerDesktopLinuxEngine/v1.54/events?filters=%7B%22event%22%3A%7B%22die%22%3Atrue%2C%22start%22%3Atrue%7D%2C%22type%22%3A%7B%22container%22%3Atrue%7D%7D&since=1777295941.170904500, check if the server supports the requested API version
[2026-04-27T13:20:06.174657800Z] [E] failed to listen to docker events: request returned 500 Internal Server Error for API route and version http://%2F%2F.%2Fpipe%2FdockerDesktopLinuxEngine/v1.54/events?filters=%7B%22event%22%3A%7B%22die%22%3Atrue%2C%22start%22%3Atrue%7D%2C%22type%22%3A%7B%22container%22%3Atrue%7D%7D&since=1777295971.172838500, check if the server supports the requested API version
[2026-04-27T13:20:36.177886600Z] [E] failed to listen to docker events: request returned 500 Internal Server Error for API route and version http://%2F%2F.%2Fpipe%2FdockerDesktopLinuxEngine/v1.54/events?filters=%7B%22event%22%3A%7B%22die%22%3Atrue%2C%22start%22%3Atrue%7D%2C%22type%22%3A%7B%22container%22%3Atrue%7D%7D&since=1777296001.174657800, check if the server supports the requested API version
[2026-04-27T13:21:06.179474400Z] [E] failed to listen to docker events: request returned 500 Internal Server Error for API route and version http://%2F%2F.%2Fpipe%2FdockerDesktopLinuxEngine/v1.54/events?filters=%7B%22event%22%3A%7B%22die%22%3Atrue%2C%22start%22%3Atrue%7D%2C%22type%22%3A%7B%22container%22%3Atrue%7D%7D&since=1777296031.177886600, check if the server supports the requested API version
[2026-04-27T13:21:36.182775200Z] [E] failed to listen to docker events: request returned 500 Internal Server Error for API route and version http://%2F%2F.%2Fpipe%2FdockerDesktopLinuxEngine/v1.54/events?filters=%7B%22event%22%3A%7B%22die%22%3Atrue%2C%22start%22%3Atrue%7D%2C%22type%22%3A%7B%22container%22%3Atrue%7D%7D&since=1777296061.179474400, check if the server supports the requested API version
[2026-04-27T13:22:06.184044600Z] [E] failed to listen to docker events: request returned 500 Internal Server Error for API route and version http://%2F%2F.%2Fpipe%2FdockerDesktopLinuxEngine/v1.54/events?filters=%7B%22event%22%3A%7B%22die%22%3Atrue%2C%22start%22%3Atrue%7D%2C%22type%22%3A%7B%22container%22%3Atrue%7D%7D&since=1777296091.182775200, check if the server supports the requested API version
[2026-04-27T13:22:36.186794000Z] [E] failed to listen to docker events: request returned 500 Internal Server Error for API route and version http://%2F%2F.%2Fpipe%2FdockerDesktopLinuxEngine/v1.54/events?filters=%7B%22event%22%3A%7B%22die%22%3Atrue%2C%22start%22%3Atrue%7D%2C%22type%22%3A%7B%22container%22%3Atrue%7D%7D&since=1777296121.184044600, check if the server supports the requested API version
[2026-04-27T13:23:06.189030600Z] [E] failed to listen to docker events: request returned 500 Internal Server Error for API route and version http://%2F%2F.%2Fpipe%2FdockerDesktopLinuxEngine/v1.54/events?filters=%7B%22event%22%3A%7B%22die%22%3Atrue%2C%22start%22%3Atrue%7D%2C%22type%22%3A%7B%22container%22%3Atrue%7D%7D&since=1777296151.186794000, check if the server supports the requested API version
[2026-04-27T13:23:36.191359400Z] [E] failed to listen to docker events: request returned 500 Internal Server Error for API route and version http://%2F%2F.%2Fpipe%2FdockerDesktopLinuxEngine/v1.54/events?filters=%7B%22event%22%3A%7B%22die%22%3Atrue%2C%22start%22%3Atrue%7D%2C%22type%22%3A%7B%22container%22%3Atrue%7D%7D&since=1777296181.189030600, check if the server supports the requested API version
[2026-04-27T13:24:06.194328100Z] [E] failed to listen to docker events: request returned 500 Internal Server Error for API route and version http://%2F%2F.%2Fpipe%2FdockerDesktopLinuxEngine/v1.54/events?filters=%7B%22event%22%3A%7B%22die%22%3Atrue%2C%22start%22%3Atrue%7D%2C%22type%22%3A%7B%22container%22%3Atrue%7D%7D&since=1777296211.191359400, check if the server supports the requested API version
[2026-04-27T13:24:36.195258200Z] [E] failed to listen to docker events: request returned 500 Internal Server Error for API route and version http://%2F%2F.%2Fpipe%2FdockerDesktopLinuxEngine/v1.54/events?filters=%7B%22event%22%3A%7B%22die%22%3Atrue%2C%22start%22%3Atrue%7D%2C%22type%22%3A%7B%22container%22%3Atrue%7D%7D&since=1777296241.194328100, check if the server supports the requested API version
[2026-04-27T13:25:06.198163200Z] [E] failed to listen to docker events: request returned 500 Internal Server Error for API route and version http://%2F%2F.%2Fpipe%2FdockerDesktopLinuxEngine/v1.54/events?filters=%7B%22event%22%3A%7B%22die%22%3Atrue%2C%22start%22%3Atrue%7D%2C%22type%22%3A%7B%22container%22%3Atrue%7D%7D&since=1777296271.195258200, check if the server supports the requested API version
[2026-04-27T13:25:36.201106500Z] [E] failed to listen to docker events: request returned 500 Internal Server Error for API route and version http://%2F%2F.%2Fpipe%2FdockerDesktopLinuxEngine/v1.54/events?filters=%7B%22event%22%3A%7B%22die%22%3Atrue%2C%22start%22%3Atrue%7D%2C%22type%22%3A%7B%22container%22%3Atrue%7D%7D&since=1777296301.198163200, check if the server supports the requested API version
[2026-04-27T13:26:05.580587600Z] [I] current docker context changed to: default
[2026-04-27T13:26:06.108669500Z] [I] builder fsevent: default updated
[2026-04-27T13:26:15.711689300Z] [E] failed to listen to docker events: request returned 500 Internal Server Error for API route and version http://%2F%2F.%2Fpipe%2FdockerDesktopLinuxEngine/v1.54/events?filters=%7B%22event%22%3A%7B%22die%22%3Atrue%2C%22start%22%3Atrue%7D%2C%22type%22%3A%7B%22container%22%3Atrue%7D%7D&since=1777296331.201106500, check if the server supports the requested API version
[2026-04-27T13:26:47.715346100Z] [E] failed to listen to docker events: request returned 500 Internal Server Error for API route and version http://%2F%2F.%2Fpipe%2Fdocker_engine/v1.54/events?filters=%7B%22event%22%3A%7B%22die%22%3Atrue%2C%22start%22%3Atrue%7D%2C%22type%22%3A%7B%22container%22%3Atrue%7D%7D&since=1777296370.710998400, check if the server supports the requested API version
[2026-04-27T13:27:17.718197200Z] [E] failed to listen to docker events: request returned 500 Internal Server Error for API route and version http://%2F%2F.%2Fpipe%2Fdocker_engine/v1.54/events?filters=%7B%22event%22%3A%7B%22die%22%3Atrue%2C%22start%22%3Atrue%7D%2C%22type%22%3A%7B%22container%22%3Atrue%7D%7D&since=1777296402.715346100, check if the server supports the requested API version
[2026-04-27T13:27:47.750607800Z] [E] failed to listen to docker events: request returned 500 Internal Server Error for API route and version http://%2F%2F.%2Fpipe%2Fdocker_engine/v1.54/events?filters=%7B%22event%22%3A%7B%22die%22%3Atrue%2C%22start%22%3Atrue%7D%2C%22type%22%3A%7B%22container%22%3Atrue%7D%7D&since=1777296432.717686400, check if the server supports the requested API version
[2026-04-27T13:28:17.753162700Z] [E] failed to listen to docker events: request returned 500 Internal Server Error for API route and version http://%2F%2F.%2Fpipe%2Fdocker_engine/v1.54/events?filters=%7B%22event%22%3A%7B%22die%22%3Atrue%2C%22start%22%3Atrue%7D%2C%22type%22%3A%7B%22container%22%3Atrue%7D%7D&since=1777296462.750607800, check if the server supports the requested API version
[2026-04-27T13:28:47.755627100Z] [E] failed to listen to docker events: request returned 500 Internal Server Error for API route and version http://%2F%2F.%2Fpipe%2Fdocker_engine/v1.54/events?filters=%7B%22event%22%3A%7B%22die%22%3Atrue%2C%22start%22%3Atrue%7D%2C%22type%22%3A%7B%22container%22%3Atrue%7D%7D&since=1777296492.753162700, check if the server supports the requested API version
[2026-04-27T13:29:17.757891000Z] [E] failed to listen to docker events: request returned 500 Internal Server Error for API route and version http://%2F%2F.%2Fpipe%2Fdocker_engine/v1.54/events?filters=%7B%22event%22%3A%7B%22die%22%3Atrue%2C%22start%22%3Atrue%7D%2C%22type%22%3A%7B%22container%22%3Atrue%7D%7D&since=1777296522.755627100, check if the server supports the requested API version
[2026-04-27T13:29:47.759502000Z] [E] failed to listen to docker events: request returned 500 Internal Server Error for API route and version http://%2F%2F.%2Fpipe%2Fdocker_engine/v1.54/events?filters=%7B%22event%22%3A%7B%22die%22%3Atrue%2C%22start%22%3Atrue%7D%2C%22type%22%3A%7B%22container%22%3Atrue%7D%7D&since=1777296552.757891000, check if the server supports the requested API version
[2026-04-27T13:30:17.761161300Z] [E] failed to listen to docker events: request returned 500 Internal Server Error for API route and version http://%2F%2F.%2Fpipe%2Fdocker_engine/v1.54/events?filters=%7B%22event%22%3A%7B%22die%22%3Atrue%2C%22start%22%3Atrue%7D%2C%22type%22%3A%7B%22container%22%3Atrue%7D%7D&since=1777296582.759502000, check if the server supports the requested API version
[2026-04-27T13:30:47.764533200Z] [E] failed to listen to docker events: request returned 500 Internal Server Error for API route and version http://%2F%2F.%2Fpipe%2Fdocker_engine/v1.54/events?filters=%7B%22event%22%3A%7B%22die%22%3Atrue%2C%22start%22%3Atrue%7D%2C%22type%22%3A%7B%22container%22%3Atrue%7D%7D&since=1777296612.761161300, check if the server supports the requested API version
[2026-04-27T13:31:17.767852700Z] [E] failed to listen to docker events: request returned 500 Internal Server Error for API route and version http://%2F%2F.%2Fpipe%2Fdocker_engine/v1.54/events?filters=%7B%22event%22%3A%7B%22die%22%3Atrue%2C%22start%22%3Atrue%7D%2C%22type%22%3A%7B%22container%22%3Atrue%7D%7D&since=1777296642.764533200, check if the server supports the requested API version
[2026-04-27T13:31:47.769679500Z] [E] failed to listen to docker events: request returned 500 Internal Server Error for API route and version http://%2F%2F.%2Fpipe%2Fdocker_engine/v1.54/events?filters=%7B%22event%22%3A%7B%22die%22%3Atrue%2C%22start%22%3Atrue%7D%2C%22type%22%3A%7B%22container%22%3Atrue%7D%7D&since=1777296672.767852700, check if the server supports the requested API version
-------------------------------------------------------------------------------->8
[2026-04-27T21:13:06.804503200Z] [I] starting desktop-build/v0.33.0 go/1.25.8 windows/amd64
[2026-04-27T21:13:06.811538400Z] [I] bugsnag configured
[2026-04-27T21:13:06.815061800Z] [I] current docker context: desktop-linux
[2026-04-27T21:13:16.838008400Z] [W] failed to dial docker daemon on desktop-linux context: unable to upgrade to h2c, received 500
[2026-04-27T21:13:36.868170200Z] [I] builder manager started
[2026-04-27T21:13:36.868170200Z] [I] build store started
[2026-04-27T21:13:36.868706600Z] [I] build manager started
[2026-04-27T21:13:36.869783700Z] [I] starting server (\\.\pipe\dockerDesktopBuildServer)
[2026-04-27T21:14:08.881991700Z] [E] failed to listen to docker events: request returned 500 Internal Server Error for API route and version http://%2F%2F.%2Fpipe%2FdockerDesktopLinuxEngine/v1.54/events?filters=%7B%22event%22%3A%7B%22die%22%3Atrue%2C%22start%22%3Atrue%7D%2C%22type%22%3A%7B%22container%22%3Atrue%7D%7D, check if the server supports the requested API version
[2026-04-27T21:14:36.869531100Z] [W] gc failed: GetFileAttributesEx <HOME>\AppData\Roaming\Docker\buildstore\content\blobs: The system cannot find the path specified.
[2026-04-27T21:14:38.906477800Z] [E] failed to listen to docker events: request returned 500 Internal Server Error for API route and version http://%2F%2F.%2Fpipe%2FdockerDesktopLinuxEngine/v1.54/events?filters=%7B%22event%22%3A%7B%22die%22%3Atrue%2C%22start%22%3Atrue%7D%2C%22type%22%3A%7B%22container%22%3Atrue%7D%7D&since=1777324443.881991700, check if the server supports the requested API version
[2026-04-27T21:15:08.908884400Z] [E] failed to listen to docker events: request returned 500 Internal Server Error for API route and version http://%2F%2F.%2Fpipe%2FdockerDesktopLinuxEngine/v1.54/events?filters=%7B%22event%22%3A%7B%22die%22%3Atrue%2C%22start%22%3Atrue%7D%2C%22type%22%3A%7B%22container%22%3Atrue%7D%7D&since=1777324473.906477800, check if the server supports the requested API version
[2026-04-27T21:15:38.912680600Z] [E] failed to listen to docker events: request returned 500 Internal Server Error for API route and version http://%2F%2F.%2Fpipe%2FdockerDesktopLinuxEngine/v1.54/events?filters=%7B%22event%22%3A%7B%22die%22%3Atrue%2C%22start%22%3Atrue%7D%2C%22type%22%3A%7B%22container%22%3Atrue%7D%7D&since=1777324503.908884400, check if the server supports the requested API version
[2026-04-27T21:16:08.915644600Z] [E] failed to listen to docker events: request returned 500 Internal Server Error for API route and version http://%2F%2F.%2Fpipe%2FdockerDesktopLinuxEngine/v1.54/events?filters=%7B%22event%22%3A%7B%22die%22%3Atrue%2C%22start%22%3Atrue%7D%2C%22type%22%3A%7B%22container%22%3Atrue%7D%7D&since=1777324533.912680600, check if the server supports the requested API version
[2026-04-27T21:16:38.918030000Z] [E] failed to listen to docker events: request returned 500 Internal Server Error for API route and version http://%2F%2F.%2Fpipe%2FdockerDesktopLinuxEngine/v1.54/events?filters=%7B%22event%22%3A%7B%22die%22%3Atrue%2C%22start%22%3Atrue%7D%2C%22type%22%3A%7B%22container%22%3Atrue%7D%7D&since=1777324563.915644600, check if the server supports the requested API version
[2026-04-27T21:17:08.922331900Z] [E] failed to listen to docker events: request returned 500 Internal Server Error for API route and version http://%2F%2F.%2Fpipe%2FdockerDesktopLinuxEngine/v1.54/events?filters=%7B%22event%22%3A%7B%22die%22%3Atrue%2C%22start%22%3Atrue%7D%2C%22type%22%3A%7B%22container%22%3Atrue%7D%7D&since=1777324593.918030000, check if the server supports the requested API version
[2026-04-27T21:17:38.934305400Z] [E] failed to listen to docker events: request returned 500 Internal Server Error for API route and version http://%2F%2F.%2Fpipe%2FdockerDesktopLinuxEngine/v1.54/events?filters=%7B%22event%22%3A%7B%22die%22%3Atrue%2C%22start%22%3Atrue%7D%2C%22type%22%3A%7B%22container%22%3Atrue%7D%7D&since=1777324623.922331900, check if the server supports the requested API version
-------------------------------------------------------------------------------->8
[2026-04-27T21:19:58.257973200Z] [I] starting desktop-build/v0.33.0 go/1.25.8 windows/amd64
[2026-04-27T21:19:58.260700700Z] [I] bugsnag configured
[2026-04-27T21:19:58.263814700Z] [I] current docker context: desktop-linux
[2026-04-27T21:20:08.283958900Z] [W] failed to dial docker daemon on desktop-linux context: unable to upgrade to h2c, received 500
[2026-04-27T21:20:28.368403200Z] [I] builder manager started
[2026-04-27T21:20:28.368403200Z] [I] build store started
[2026-04-27T21:20:28.372413200Z] [I] build manager started
[2026-04-27T21:20:28.372413200Z] [I] starting server (\\.\pipe\dockerDesktopBuildServer)
[2026-04-27T21:21:00.380317300Z] [E] failed to listen to docker events: request returned 500 Internal Server Error for API route and version http://%2F%2F.%2Fpipe%2FdockerDesktopLinuxEngine/v1.54/events?filters=%7B%22event%22%3A%7B%22die%22%3Atrue%2C%22start%22%3Atrue%7D%2C%22type%22%3A%7B%22container%22%3Atrue%7D%7D, check if the server supports the requested API version
[2026-04-27T21:21:28.371647200Z] [W] gc failed: GetFileAttributesEx <HOME>\AppData\Roaming\Docker\buildstore\content\blobs: The system cannot find the path specified.
[2026-04-27T21:21:30.412891100Z] [E] failed to listen to docker events: request returned 500 Internal Server Error for API route and version http://%2F%2F.%2Fpipe%2FdockerDesktopLinuxEngine/v1.54/events?filters=%7B%22event%22%3A%7B%22die%22%3Atrue%2C%22start%22%3Atrue%7D%2C%22type%22%3A%7B%22container%22%3Atrue%7D%7D&since=1777324855.380317300, check if the server supports the requested API version
[2026-04-27T21:22:00.414116800Z] [E] failed to listen to docker events: request returned 500 Internal Server Error for API route and version http://%2F%2F.%2Fpipe%2FdockerDesktopLinuxEngine/v1.54/events?filters=%7B%22event%22%3A%7B%22die%22%3Atrue%2C%22start%22%3Atrue%7D%2C%22type%22%3A%7B%22container%22%3Atrue%7D%7D&since=1777324885.412891100, check if the server supports the requested API version
[2026-04-27T21:22:30.417421300Z] [E] failed to listen to docker events: request returned 500 Internal Server Error for API route and version http://%2F%2F.%2Fpipe%2FdockerDesktopLinuxEngine/v1.54/events?filters=%7B%22event%22%3A%7B%22die%22%3Atrue%2C%22start%22%3Atrue%7D%2C%22type%22%3A%7B%22container%22%3Atrue%7D%7D&since=1777324915.414116800, check if the server supports the requested API version
[2026-04-27T21:23:00.422162500Z] [E] failed to listen to docker events: request returned 500 Internal Server Error for API route and version http://%2F%2F.%2Fpipe%2FdockerDesktopLinuxEngine/v1.54/events?filters=%7B%22event%22%3A%7B%22die%22%3Atrue%2C%22start%22%3Atrue%7D%2C%22type%22%3A%7B%22container%22%3Atrue%7D%7D&since=1777324945.417421300, check if the server supports the requested API version
[2026-04-27T21:23:30.425031600Z] [E] failed to listen to docker events: request returned 500 Internal Server Error for API route and version http://%2F%2F.%2Fpipe%2FdockerDesktopLinuxEngine/v1.54/events?filters=%7B%22event%22%3A%7B%22die%22%3Atrue%2C%22start%22%3Atrue%7D%2C%22type%22%3A%7B%22container%22%3Atrue%7D%7D&since=1777324975.421599900, check if the server supports the requested API version
[2026-04-27T21:24:00.426971200Z] [E] failed to listen to docker events: request returned 500 Internal Server Error for API route and version http://%2F%2F.%2Fpipe%2FdockerDesktopLinuxEngine/v1.54/events?filters=%7B%22event%22%3A%7B%22die%22%3Atrue%2C%22start%22%3Atrue%7D%2C%22type%22%3A%7B%22container%22%3Atrue%7D%7D&since=1777325005.425031600, check if the server supports the requested API version
[2026-04-27T21:24:30.428149800Z] [E] failed to listen to docker events: request returned 500 Internal Server Error for API route and version http://%2F%2F.%2Fpipe%2FdockerDesktopLinuxEngine/v1.54/events?filters=%7B%22event%22%3A%7B%22die%22%3Atrue%2C%22start%22%3Atrue%7D%2C%22type%22%3A%7B%22container%22%3Atrue%7D%7D&since=1777325035.426971200, check if the server supports the requested API version
[2026-04-27T21:25:00.432204900Z] [E] failed to listen to docker events: request returned 500 Internal Server Error for API route and version http://%2F%2F.%2Fpipe%2FdockerDesktopLinuxEngine/v1.54/events?filters=%7B%22event%22%3A%7B%22die%22%3Atrue%2C%22start%22%3Atrue%7D%2C%22type%22%3A%7B%22container%22%3Atrue%7D%7D&since=1777325065.428149800, check if the server supports the requested API version
[2026-04-27T21:25:30.434596500Z] [E] failed to listen to docker events: request returned 500 Internal Server Error for API route and version http://%2F%2F.%2Fpipe%2FdockerDesktopLinuxEngine/v1.54/events?filters=%7B%22event%22%3A%7B%22die%22%3Atrue%2C%22start%22%3Atrue%7D%2C%22type%22%3A%7B%22container%22%3Atrue%7D%7D&since=1777325095.432204900, check if the server supports the requested API version
[2026-04-27T21:26:00.439115600Z] [E] failed to listen to docker events: request returned 500 Internal Server Error for API route and version http://%2F%2F.%2Fpipe%2FdockerDesktopLinuxEngine/v1.54/events?filters=%7B%22event%22%3A%7B%22die%22%3Atrue%2C%22start%22%3Atrue%7D%2C%22type%22%3A%7B%22container%22%3Atrue%7D%7D&since=1777325125.434596500, check if the server supports the requested API version
[2026-04-27T21:26:30.450742500Z] [E] failed to listen to docker events: request returned 500 Internal Server Error for API route and version http://%2F%2F.%2Fpipe%2FdockerDesktopLinuxEngine/v1.54/events?filters=%7B%22event%22%3A%7B%22die%22%3Atrue%2C%22start%22%3Atrue%7D%2C%22type%22%3A%7B%22container%22%3Atrue%7D%7D&since=1777325155.439115600, check if the server supports the requested API version
[2026-04-27T21:27:00.465927200Z] [E] failed to listen to docker events: request returned 500 Internal Server Error for API route and version http://%2F%2F.%2Fpipe%2FdockerDesktopLinuxEngine/v1.54/events?filters=%7B%22event%22%3A%7B%22die%22%3Atrue%2C%22start%22%3Atrue%7D%2C%22type%22%3A%7B%22container%22%3Atrue%7D%7D&since=1777325185.450742500, check if the server supports the requested API version
[2026-04-27T21:27:30.468231000Z] [E] failed to listen to docker events: request returned 500 Internal Server Error for API route and version http://%2F%2F.%2Fpipe%2FdockerDesktopLinuxEngine/v1.54/events?filters=%7B%22event%22%3A%7B%22die%22%3Atrue%2C%22start%22%3Atrue%7D%2C%22type%22%3A%7B%22container%22%3Atrue%7D%7D&since=1777325215.465927200, check if the server supports the requested API version
[2026-04-27T21:28:00.470755900Z] [E] failed to listen to docker events: request returned 500 Internal Server Error for API route and version http://%2F%2F.%2Fpipe%2FdockerDesktopLinuxEngine/v1.54/events?filters=%7B%22event%22%3A%7B%22die%22%3Atrue%2C%22start%22%3Atrue%7D%2C%22type%22%3A%7B%22container%22%3Atrue%7D%7D&since=1777325245.468231000, check if the server supports the requested API version
[2026-04-27T21:28:30.498492900Z] [E] failed to listen to docker events: request returned 500 Internal Server Error for API route and version http://%2F%2F.%2Fpipe%2FdockerDesktopLinuxEngine/v1.54/events?filters=%7B%22event%22%3A%7B%22die%22%3Atrue%2C%22start%22%3Atrue%7D%2C%22type%22%3A%7B%22container%22%3Atrue%7D%7D&since=1777325275.470205900, check if the server supports the requested API version
[2026-04-27T21:29:00.501072900Z] [E] failed to listen to docker events: request returned 500 Internal Server Error for API route and version http://%2F%2F.%2Fpipe%2FdockerDesktopLinuxEngine/v1.54/events?filters=%7B%22event%22%3A%7B%22die%22%3Atrue%2C%22start%22%3Atrue%7D%2C%22type%22%3A%7B%22container%22%3Atrue%7D%7D&since=1777325305.496978600, check if the server supports the requested API version
[2026-04-27T21:29:30.503701100Z] [E] failed to listen to docker events: request returned 500 Internal Server Error for API route and version http://%2F%2F.%2Fpipe%2FdockerDesktopLinuxEngine/v1.54/events?filters=%7B%22event%22%3A%7B%22die%22%3Atrue%2C%22start%22%3Atrue%7D%2C%22type%22%3A%7B%22container%22%3Atrue%7D%7D&since=1777325335.500074300, check if the server supports the requested API version
[2026-04-27T21:30:00.506162900Z] [E] failed to listen to docker events: request returned 500 Internal Server Error for API route and version http://%2F%2F.%2Fpipe%2FdockerDesktopLinuxEngine/v1.54/events?filters=%7B%22event%22%3A%7B%22die%22%3Atrue%2C%22start%22%3Atrue%7D%2C%22type%22%3A%7B%22container%22%3Atrue%7D%7D&since=1777325365.503701100, check if the server supports the requested API version
[2026-04-27T21:30:30.508608200Z] [E] failed to listen to docker events: request returned 500 Internal Server Error for API route and version http://%2F%2F.%2Fpipe%2FdockerDesktopLinuxEngine/v1.54/events?filters=%7B%22event%22%3A%7B%22die%22%3Atrue%2C%22start%22%3Atrue%7D%2C%22type%22%3A%7B%22container%22%3Atrue%7D%7D&since=1777325395.506162900, check if the server supports the requested API version
[2026-04-27T21:31:00.581417200Z] [E] failed to listen to docker events: request returned 500 Internal Server Error for API route and version http://%2F%2F.%2Fpipe%2FdockerDesktopLinuxEngine/v1.54/events?filters=%7B%22event%22%3A%7B%22die%22%3Atrue%2C%22start%22%3Atrue%7D%2C%22type%22%3A%7B%22container%22%3Atrue%7D%7D&since=1777325425.508608200, check if the server supports the requested API version
[2026-04-27T21:31:30.583249500Z] [E] failed to listen to docker events: request returned 500 Internal Server Error for API route and version http://%2F%2F.%2Fpipe%2FdockerDesktopLinuxEngine/v1.54/events?filters=%7B%22event%22%3A%7B%22die%22%3Atrue%2C%22start%22%3Atrue%7D%2C%22type%22%3A%7B%22container%22%3Atrue%7D%7D&since=1777325455.581417200, check if the server supports the requested API version
[2026-04-27T21:32:00.586023700Z] [E] failed to listen to docker events: request returned 500 Internal Server Error for API route and version http://%2F%2F.%2Fpipe%2FdockerDesktopLinuxEngine/v1.54/events?filters=%7B%22event%22%3A%7B%22die%22%3Atrue%2C%22start%22%3Atrue%7D%2C%22type%22%3A%7B%22container%22%3Atrue%7D%7D&since=1777325485.583249500, check if the server supports the requested API version
[2026-04-27T21:32:30.591065100Z] [E] failed to listen to docker events: request returned 500 Internal Server Error for API route and version http://%2F%2F.%2Fpipe%2FdockerDesktopLinuxEngine/v1.54/events?filters=%7B%22event%22%3A%7B%22die%22%3Atrue%2C%22start%22%3Atrue%7D%2C%22type%22%3A%7B%22container%22%3Atrue%7D%7D&since=1777325515.586023700, check if the server supports the requested API version
[2026-04-27T21:33:00.603082700Z] [E] failed to listen to docker events: request returned 500 Internal Server Error for API route and version http://%2F%2F.%2Fpipe%2FdockerDesktopLinuxEngine/v1.54/events?filters=%7B%22event%22%3A%7B%22die%22%3Atrue%2C%22start%22%3Atrue%7D%2C%22type%22%3A%7B%22container%22%3Atrue%7D%7D&since=1777325545.591065100, check if the server supports the requested API version
-------------------------------------------------------------------------------->8
[2026-04-27T21:33:16.147702700Z] [I] starting desktop-build/v0.33.0 go/1.25.8 windows/amd64
[2026-04-27T21:33:16.147702700Z] [I] bugsnag configured
[2026-04-27T21:33:16.147702700Z] [I] current docker context: desktop-linux
[2026-04-27T21:33:26.186611100Z] [W] failed to dial docker daemon on desktop-linux context: unable to upgrade to h2c, received 500
[2026-04-27T21:33:46.204202300Z] [I] builder manager started
[2026-04-27T21:33:46.204202300Z] [I] build store started
[2026-04-27T21:33:46.204202300Z] [I] build manager started
[2026-04-27T21:33:46.204202300Z] [I] starting server (\\.\pipe\dockerDesktopBuildServer)
[2026-04-27T21:34:18.209144800Z] [E] failed to listen to docker events: request returned 500 Internal Server Error for API route and version http://%2F%2F.%2Fpipe%2FdockerDesktopLinuxEngine/v1.54/events?filters=%7B%22event%22%3A%7B%22die%22%3Atrue%2C%22start%22%3Atrue%7D%2C%22type%22%3A%7B%22container%22%3Atrue%7D%7D, check if the server supports the requested API version
[2026-04-27T21:34:46.204781800Z] [W] gc failed: GetFileAttributesEx <HOME>\AppData\Roaming\Docker\buildstore\content\blobs: The system cannot find the path specified.
[2026-04-27T21:34:48.228798400Z] [E] failed to listen to docker events: request returned 500 Internal Server Error for API route and version http://%2F%2F.%2Fpipe%2FdockerDesktopLinuxEngine/v1.54/events?filters=%7B%22event%22%3A%7B%22die%22%3Atrue%2C%22start%22%3Atrue%7D%2C%22type%22%3A%7B%22container%22%3Atrue%7D%7D&since=1777325653.209144800, check if the server supports the requested API version
[2026-04-27T21:35:18.275258400Z] [E] failed to listen to docker events: request returned 500 Internal Server Error for API route and version http://%2F%2F.%2Fpipe%2FdockerDesktopLinuxEngine/v1.54/events?filters=%7B%22event%22%3A%7B%22die%22%3Atrue%2C%22start%22%3Atrue%7D%2C%22type%22%3A%7B%22container%22%3Atrue%7D%7D&since=1777325683.228798400, check if the server supports the requested API version
