-------------------------------------------------------------------------------->8
[2026-04-27T21:34:43.698321700Z][com.docker.diagnose.exe.ipc] 1aafc6bc-diagnose -> \\.\pipe\dockerBackendApiServer BackendAPI
[2026-04-27T21:34:43.711735600Z][com.docker.diagnose.exe.ipc] (08c029f1-0) 1aafc6bc-diagnose C->S BackendAPI POST /idle/make-busy
[2026-04-27T21:34:43.729961500Z][com.docker.diagnose.exe.ipc] (08c029f1-0) 1aafc6bc-diagnose C<-S 4b0693ae-BackendAPI POST /idle/make-busy (20.202ms): 0xc000565d80
[2026-04-27T21:34:44.709882500Z][com.docker.diagnose.exe.ipc] (08c029f1-1) 1aafc6bc-diagnose C->S BackendAPI GET /idle
[2026-04-27T21:34:44.717947100Z][com.docker.diagnose.exe.ipc] (08c029f1-1) 1aafc6bc-diagnose C<-S 4b0693ae-BackendAPI GET /idle (8.0646ms): {"busyReason":["timed activities: map[/idle/make-busy:29016655500 Go-http-client/1.1 /grpc:211470117500]"],"timedActivities":{"/idle/make-busy":29016655500,"Go-http-client/1.1 /grpc":211470117500},"vmRunning":true}
[2026-04-27T21:34:44.718475900Z][com.docker.diagnose.exe.ipc] cdd514f5-com.docker.diagnose -> \\.\pipe\dockerDnsForwarder dns-forwarder
[2026-04-27T21:34:44.718475900Z][com.docker.diagnose.exe.ipc] (0087ff8e-0) cdd514f5-com.docker.diagnose C->S dns-forwarder POST /diagnostics
[2026-04-27T21:34:44.718475900Z][com.docker.diagnose.exe] Triggering Linux sysrq and log flushes via a unix socket: \\.\pipe\dockerDiagnosticd
[2026-04-27T21:34:44.724524200Z][com.docker.diagnose.exe.ipc] 73fefcb6-com.docker.diagnose -> \\.\pipe\dockerBackendV2 com.docker.service
[2026-04-27T21:34:44.724524200Z][com.docker.diagnose.exe.ipc] (46c6b70b-0) 73fefcb6-com.docker.diagnose C->S com.docker.service GET /hyperv/bootloader
[2026-04-27T21:34:44.728240900Z][com.docker.diagnose.exe.ipc][W] (46c6b70b-0) 73fefcb6-com.docker.diagnose C<-S ConnectionClosed GET /hyperv/bootloader (3.7167ms): Get "http://ipc/hyperv/bootloader": open \\.\pipe\dockerBackendV2: The system cannot find the file specified.
[2026-04-27T21:34:44.728240900Z][com.docker.diagnose.exe.ipc] (46c6b70b-1) 73fefcb6-com.docker.diagnose C->S com.docker.service GET /ping
[2026-04-27T21:34:44.728763800Z][com.docker.diagnose.exe.ipc][W] (46c6b70b-1) 73fefcb6-com.docker.diagnose C<-S ConnectionClosed GET /ping (522.9µs): Get "http://ipc/ping": open \\.\pipe\dockerBackendV2: The system cannot find the file specified.
[2026-04-27T21:34:45.721171200Z][com.docker.diagnose.exe][W] /flush failed: Post "http://unix/flush": context deadline exceeded
[2026-04-27T21:34:45.729751400Z][com.docker.diagnose.exe.ipc] (46c6b70b-2) 73fefcb6-com.docker.diagnose C->S com.docker.service GET /ping
[2026-04-27T21:34:45.730277900Z][com.docker.diagnose.exe.ipc][W] (46c6b70b-2) 73fefcb6-com.docker.diagnose C<-S ConnectionClosed GET /ping (0s): Get "http://ipc/ping": open \\.\pipe\dockerBackendV2: The system cannot find the file specified.
[2026-04-27T21:34:46.730584200Z][com.docker.diagnose.exe.ipc] (46c6b70b-3) 73fefcb6-com.docker.diagnose C->S com.docker.service GET /ping
[2026-04-27T21:34:46.730584200Z][com.docker.diagnose.exe.ipc][W] (46c6b70b-3) 73fefcb6-com.docker.diagnose C<-S ConnectionClosed GET /ping (0s): Get "http://ipc/ping": open \\.\pipe\dockerBackendV2: The system cannot find the file specified.
[2026-04-27T21:34:47.731130800Z][com.docker.diagnose.exe.ipc] (46c6b70b-4) 73fefcb6-com.docker.diagnose C->S com.docker.service GET /ping
[2026-04-27T21:34:47.731130800Z][com.docker.diagnose.exe.ipc][W] (46c6b70b-4) 73fefcb6-com.docker.diagnose C<-S ConnectionClosed GET /ping (0s): Get "http://ipc/ping": open \\.\pipe\dockerBackendV2: The system cannot find the file specified.
[2026-04-27T21:34:48.732357500Z][com.docker.diagnose.exe.ipc] (46c6b70b-5) 73fefcb6-com.docker.diagnose C->S com.docker.service GET /ping
[2026-04-27T21:34:48.732357500Z][com.docker.diagnose.exe.ipc][W] (46c6b70b-5) 73fefcb6-com.docker.diagnose C<-S ConnectionClosed GET /ping (0s): Get "http://ipc/ping": open \\.\pipe\dockerBackendV2: The system cannot find the file specified.
[2026-04-27T21:34:49.718520000Z][com.docker.diagnose.exe.ipc][W] (0087ff8e-0) cdd514f5-com.docker.diagnose C<-S ConnectionClosed POST /diagnostics (5.0000441s): Post "http://ipc/diagnostics": context deadline exceeded
[2026-04-27T21:34:49.718520000Z][com.docker.diagnose.exe.ipc] (0087ff8e-1) cdd514f5-com.docker.diagnose C->S dns-forwarder GET /ping
[2026-04-27T21:34:49.719112200Z][com.docker.diagnose.exe.ipc][W] (0087ff8e-1) cdd514f5-com.docker.diagnose C<-S ConnectionClosed GET /ping (592.2µs): Get "http://ipc/ping": context deadline exceeded
[2026-04-27T21:34:49.733319200Z][com.docker.diagnose.exe.ipc] (46c6b70b-6) 73fefcb6-com.docker.diagnose C->S com.docker.service GET /ping
[2026-04-27T21:34:49.733319200Z][com.docker.diagnose.exe.ipc][W] (46c6b70b-6) 73fefcb6-com.docker.diagnose C<-S ConnectionClosed GET /ping (0s): Get "http://ipc/ping": open \\.\pipe\dockerBackendV2: The system cannot find the file specified.
[2026-04-27T21:34:49.865555100Z][com.docker.diagnose.exe] Executing: [C:\Program Files\Docker\Docker\resources\bin\kubectl.exe --context docker-desktop version]
[2026-04-27T21:34:49.965553700Z][com.docker.diagnose.exe][W] [C:\Program Files\Docker\Docker\resources\bin\kubectl.exe --context docker-desktop version] exit status 1
[2026-04-27T21:34:50.035258200Z][com.docker.diagnose.exe] Start gathering list of 138 elements
[2026-04-27T21:34:50.036435300Z][com.docker.diagnose.exe] Gathering VirtualizationAPIGatherer
[2026-04-27T21:34:50.036435300Z][com.docker.diagnose.exe] Gathering ProxyAPIGatherer
[2026-04-27T21:34:50.036435300Z][com.docker.diagnose.exe] Gathering BackendGatherer
[2026-04-27T21:34:50.036435300Z][com.docker.diagnose.exe] Gathering system
[2026-04-27T21:34:50.036435300Z][com.docker.diagnose.exe.ipc] fade575e-DiagkitPKG -> \\.\pipe\dockerVirtualization Virtualization
[2026-04-27T21:34:50.036435300Z][com.docker.diagnose.exe.ipc] 3b918f7b-DiagkitPKG -> \\.\pipe\dockerWindowsAPIProxyControl ProxyControl
[2026-04-27T21:34:50.038031700Z][com.docker.diagnose.exe.ipc] (ff6462e4-0) fade575e-DiagkitPKG C->S Virtualization GET /goroutines/stacks
[2026-04-27T21:34:50.038031700Z][com.docker.diagnose.exe.ipc] (e4d6b172-0) 3b918f7b-DiagkitPKG C->S ProxyControl GET /goroutines/stacks
[2026-04-27T21:34:50.038582400Z][com.docker.diagnose.exe.ipc][W] (ff6462e4-0) fade575e-DiagkitPKG C<-S ConnectionClosed GET /goroutines/stacks (550.7µs): Get "http://ipc/goroutines/stacks": open \\.\pipe\dockerVirtualization: The system cannot find the file specified.
[2026-04-27T21:34:50.038582400Z][com.docker.diagnose.exe.ipc] (ff6462e4-1) fade575e-DiagkitPKG C->S Virtualization GET /ping
[2026-04-27T21:34:50.039118500Z][com.docker.diagnose.exe.ipc][W] (ff6462e4-1) fade575e-DiagkitPKG C<-S ConnectionClosed GET /ping (536.1µs): Get "http://ipc/ping": open \\.\pipe\dockerVirtualization: The system cannot find the file specified.
[2026-04-27T21:34:50.039935900Z][com.docker.diagnose.exe.ipc] d3214e0c-DiagkitPKG -> \\.\pipe\dockerBackendApiServer BackendAPI
[2026-04-27T21:34:50.040571800Z][com.docker.diagnose.exe.ipc] (1d493b52-0) d3214e0c-DiagkitPKG C->S BackendAPI GET /goroutines/stacks
[2026-04-27T21:34:50.059275900Z][com.docker.diagnose.exe] Executing: [powershell -NoProfile -Command &{ Get-CimInstance Win32_OperatingSystem | Select-Object -ExcludeProperty Cim* -Property * | ConvertTo-Json }]
[2026-04-27T21:34:50.296522100Z][com.docker.diagnose.exe.ipc] (1d493b52-0) d3214e0c-DiagkitPKG C<-S 4b0693ae-BackendAPI GET /goroutines/stacks (253.6388ms): 0xc00012c980
[2026-04-27T21:34:50.504196700Z][com.docker.diagnose.exe.ipc] (e4d6b172-0) 3b918f7b-DiagkitPKG C<-S 4454526b-proxyControl GET /goroutines/stacks (461.0311ms): 0xc0006a2740
[2026-04-27T21:34:50.537919500Z][com.docker.diagnose.exe.ipc] (1d493b52-1) d3214e0c-DiagkitPKG C->S BackendAPI GET /events
[2026-04-27T21:34:50.540066700Z][com.docker.diagnose.exe.ipc] (1d493b52-1) d3214e0c-DiagkitPKG C<-S 4b0693ae-BackendAPI GET /events (2.1472ms): &[1777325596031591800 idle: running 1777325596041815700 dockerAPI: starting (configuring proxies)  1777325596030288600 dockerAPI: stopping (closing API proxies)  1777325596065388800 dockerAPI: stopped (API proxies closed)  1777325596066503700 dockerAPI: stopping (closing API proxies)  1777325596066503700 dockerAPI: stopped (API proxies closed)  1777325596070028300 dockerAPI: stopping (closing API proxies)  1777325596070648700 dockerAPI: stopped (API proxies closed)  1777325596134530600 dockerAPI: starting (configuring proxies)  1777325605561772100 docker: starting]
[2026-04-27T21:34:50.541878500Z][com.docker.diagnose.exe.ipc] (1d493b52-2) d3214e0c-DiagkitPKG C->S BackendAPI GET /forwards/list
[2026-04-27T21:34:50.677362100Z][com.docker.diagnose.exe] Executing: [powershell -NoProfile -Command &{ Get-CimInstance Win32_ComputerSystem | Select-Object -ExcludeProperty Cim*, OemLogoBitMap -Property *| ConvertTo-Json }]
[2026-04-27T21:34:50.722323500Z][com.docker.diagnose.exe] Gathering ProxyAPIGatherer took 685.8882ms
[2026-04-27T21:34:50.722323500Z][com.docker.diagnose.exe] Gathering ProcessGatherer
[2026-04-27T21:34:50.734275500Z][com.docker.diagnose.exe.ipc] (46c6b70b-7) 73fefcb6-com.docker.diagnose C->S com.docker.service GET /ping
[2026-04-27T21:34:50.735010300Z][com.docker.diagnose.exe.ipc][W] (46c6b70b-7) 73fefcb6-com.docker.diagnose C<-S ConnectionClosed GET /ping (734.8µs): Get "http://ipc/ping": open \\.\pipe\dockerBackendV2: The system cannot find the file specified.
[2026-04-27T21:34:50.751172300Z][com.docker.diagnose.exe] Gathering ProcessGatherer took 28.8488ms
[2026-04-27T21:34:50.751172300Z][com.docker.diagnose.exe] Gathering typeperf \Process(*)\% Processor Time -sc 5 -y (timeout 0s)
[2026-04-27T21:34:50.756515400Z][com.docker.diagnose.exe] Executing: [typeperf \Process(*)\% Processor Time -sc 5 -y]
[2026-04-27T21:34:51.039390900Z][com.docker.diagnose.exe.ipc] (ff6462e4-2) fade575e-DiagkitPKG C->S Virtualization GET /ping
[2026-04-27T21:34:51.039390900Z][com.docker.diagnose.exe.ipc][W] (ff6462e4-2) fade575e-DiagkitPKG C<-S ConnectionClosed GET /ping (0s): Get "http://ipc/ping": open \\.\pipe\dockerVirtualization: The system cannot find the file specified.
[2026-04-27T21:34:51.236294000Z][com.docker.diagnose.exe] Executing: [powershell -NoProfile -Command &{ Get-CimInstance Win32_Processor | Select-Object -ExcludeProperty Cim* -Property * | ConvertTo-json }]
[2026-04-27T21:34:51.549302800Z][com.docker.diagnose.exe][W] [typeperf \Process(*)\% Processor Time -sc 5 -y] exit status 0xf0000002
[2026-04-27T21:34:51.549815400Z][com.docker.diagnose.exe] Gathering typeperf \Process(*)\% Processor Time -sc 5 -y (timeout 0s) took 798.6431ms
[2026-04-27T21:34:51.550303800Z][com.docker.diagnose.exe] Gathering tasklist /V (timeout 0s)
[2026-04-27T21:34:51.552512900Z][com.docker.diagnose.exe] Executing: [tasklist /V]
[2026-04-27T21:34:51.735548800Z][com.docker.diagnose.exe.ipc] (46c6b70b-8) 73fefcb6-com.docker.diagnose C->S com.docker.service GET /ping
[2026-04-27T21:34:51.736057900Z][com.docker.diagnose.exe.ipc][W] (46c6b70b-8) 73fefcb6-com.docker.diagnose C<-S ConnectionClosed GET /ping (509.1µs): Get "http://ipc/ping": open \\.\pipe\dockerBackendV2: The system cannot find the file specified.
[2026-04-27T21:34:52.040390900Z][com.docker.diagnose.exe.ipc] (ff6462e4-3) fade575e-DiagkitPKG C->S Virtualization GET /ping
[2026-04-27T21:34:52.040390900Z][com.docker.diagnose.exe.ipc][W] (ff6462e4-3) fade575e-DiagkitPKG C<-S ConnectionClosed GET /ping (0s): Get "http://ipc/ping": open \\.\pipe\dockerVirtualization: The system cannot find the file specified.
[2026-04-27T21:34:52.729252000Z][com.docker.diagnose.exe.ipc] 5d97a922-com.docker.diagnose -> \\.\pipe\dockerBackendV2 com.docker.service
[2026-04-27T21:34:52.730317500Z][com.docker.diagnose.exe.ipc] (e9570f11-0) 5d97a922-com.docker.diagnose C->S com.docker.service POST /windowsfeatures/check: [Microsoft-Hyper-V (Hyper-V Platform)]
[2026-04-27T21:34:52.730844200Z][com.docker.diagnose.exe.ipc][W] (e9570f11-0) 5d97a922-com.docker.diagnose C<-S ConnectionClosed POST /windowsfeatures/check (1.5922ms): Post "http://ipc/windowsfeatures/check": open \\.\pipe\dockerBackendV2: The system cannot find the file specified.
[2026-04-27T21:34:52.731365800Z][com.docker.diagnose.exe.ipc] (e9570f11-1) 5d97a922-com.docker.diagnose C->S com.docker.service GET /ping
[2026-04-27T21:34:52.731365800Z][com.docker.diagnose.exe.ipc][W] (e9570f11-1) 5d97a922-com.docker.diagnose C<-S ConnectionClosed GET /ping (521.6µs): Get "http://ipc/ping": open \\.\pipe\dockerBackendV2: The system cannot find the file specified.
[2026-04-27T21:34:53.041151700Z][com.docker.diagnose.exe.ipc] (ff6462e4-4) fade575e-DiagkitPKG C->S Virtualization GET /ping
[2026-04-27T21:34:53.041151700Z][com.docker.diagnose.exe.ipc][W] (ff6462e4-4) fade575e-DiagkitPKG C<-S ConnectionClosed GET /ping (0s): Get "http://ipc/ping": open \\.\pipe\dockerVirtualization: The system cannot find the file specified.
[2026-04-27T21:34:53.238729500Z][com.docker.diagnose.exe] Executing: [powershell -NoProfile -Command &{ Get-CimInstance Win32_BaseBoard | Select-Object -ExcludeProperty Cim* -Property * | ConvertTo-Json }]
[2026-04-27T21:34:53.721617800Z][com.docker.diagnose.exe] Executing: [powershell -NoProfile -Command &{ Get-Item 'Registry::HKEY_LOCAL_MACHINE\SOFTWARE\Microsoft\Windows NT\CurrentVersion' }]
[2026-04-27T21:34:53.732114200Z][com.docker.diagnose.exe.ipc] (e9570f11-2) 5d97a922-com.docker.diagnose C->S com.docker.service GET /ping
[2026-04-27T21:34:53.732114200Z][com.docker.diagnose.exe.ipc][W] (e9570f11-2) 5d97a922-com.docker.diagnose C<-S ConnectionClosed GET /ping (0s): Get "http://ipc/ping": open \\.\pipe\dockerBackendV2: The system cannot find the file specified.
[2026-04-27T21:34:54.041998500Z][com.docker.diagnose.exe.ipc] (ff6462e4-5) fade575e-DiagkitPKG C->S Virtualization GET /ping
[2026-04-27T21:34:54.041998500Z][com.docker.diagnose.exe.ipc][W] (ff6462e4-5) fade575e-DiagkitPKG C<-S ConnectionClosed GET /ping (0s): Get "http://ipc/ping": open \\.\pipe\dockerVirtualization: The system cannot find the file specified.
[2026-04-27T21:34:54.270301800Z][com.docker.diagnose.exe] Executing: [powershell -NoProfile -Command &{ Get-MpComputerStatus }]
[2026-04-27T21:34:54.732666000Z][com.docker.diagnose.exe.ipc] (e9570f11-3) 5d97a922-com.docker.diagnose C->S com.docker.service GET /ping
[2026-04-27T21:34:54.732666000Z][com.docker.diagnose.exe.ipc][W] (e9570f11-3) 5d97a922-com.docker.diagnose C<-S ConnectionClosed GET /ping (0s): Get "http://ipc/ping": open \\.\pipe\dockerBackendV2: The system cannot find the file specified.
[2026-04-27T21:34:55.042871500Z][com.docker.diagnose.exe.ipc] (ff6462e4-6) fade575e-DiagkitPKG C->S Virtualization GET /ping
[2026-04-27T21:34:55.042871500Z][com.docker.diagnose.exe.ipc][W] (ff6462e4-6) fade575e-DiagkitPKG C<-S ConnectionClosed GET /ping (0s): Get "http://ipc/ping": open \\.\pipe\dockerVirtualization: The system cannot find the file specified.
[2026-04-27T21:34:55.733601500Z][com.docker.diagnose.exe.ipc] (e9570f11-4) 5d97a922-com.docker.diagnose C->S com.docker.service GET /ping
[2026-04-27T21:34:55.733601500Z][com.docker.diagnose.exe.ipc][W] (e9570f11-4) 5d97a922-com.docker.diagnose C<-S ConnectionClosed GET /ping (0s): Get "http://ipc/ping": open \\.\pipe\dockerBackendV2: The system cannot find the file specified.
[2026-04-27T21:34:55.950785100Z][com.docker.diagnose.exe] Executing: [powershell -NoProfile -Command &{ $PSVersionTable }]
[2026-04-27T21:34:56.043327200Z][com.docker.diagnose.exe.ipc] (ff6462e4-7) fade575e-DiagkitPKG C->S Virtualization GET /ping
[2026-04-27T21:34:56.043327200Z][com.docker.diagnose.exe.ipc][W] (ff6462e4-7) fade575e-DiagkitPKG C<-S ConnectionClosed GET /ping (0s): Get "http://ipc/ping": open \\.\pipe\dockerVirtualization: The system cannot find the file specified.
[2026-04-27T21:34:56.256310900Z][com.docker.diagnose.exe] Gathering system took 6.2198756s
[2026-04-27T21:34:56.256310900Z][com.docker.diagnose.exe] Gathering Get-Process | Select-Object StartTime,Handles,Name,NPM,PM,SI,VM,WS | ConvertTo-Json -Depth 1 (timeout 1m30s)
[2026-04-27T21:34:56.258576900Z][com.docker.diagnose.exe] Executing: [powershell -NoProfile -Command &{ Get-Process | Select-Object StartTime,Handles,Name,NPM,PM,SI,VM,WS | ConvertTo-Json -Depth 1 }]
[2026-04-27T21:34:56.733819200Z][com.docker.diagnose.exe.ipc] (e9570f11-5) 5d97a922-com.docker.diagnose C->S com.docker.service GET /ping
[2026-04-27T21:34:56.734325900Z][com.docker.diagnose.exe.ipc][W] (e9570f11-5) 5d97a922-com.docker.diagnose C<-S ConnectionClosed GET /ping (506.7µs): Get "http://ipc/ping": open \\.\pipe\dockerBackendV2: The system cannot find the file specified.
[2026-04-27T21:34:56.801778600Z][com.docker.diagnose.exe] Gathering Get-Process | Select-Object StartTime,Handles,Name,NPM,PM,SI,VM,WS | ConvertTo-Json -Depth 1 (timeout 1m30s) took 545.4677ms
[2026-04-27T21:34:56.802295500Z][com.docker.diagnose.exe] Gathering Get-Service | ConvertTo-Json -Depth 1 (timeout 0s)
[2026-04-27T21:34:56.806998400Z][com.docker.diagnose.exe] Executing: [powershell -NoProfile -Command &{ Get-Service | ConvertTo-Json -Depth 1 }]
[2026-04-27T21:34:57.043997100Z][com.docker.diagnose.exe.ipc] (ff6462e4-8) fade575e-DiagkitPKG C->S Virtualization GET /ping
[2026-04-27T21:34:57.043997100Z][com.docker.diagnose.exe.ipc][W] (ff6462e4-8) fade575e-DiagkitPKG C<-S ConnectionClosed GET /ping (0s): Get "http://ipc/ping": open \\.\pipe\dockerVirtualization: The system cannot find the file specified.
[2026-04-27T21:34:57.734631300Z][com.docker.diagnose.exe.ipc] (e9570f11-6) 5d97a922-com.docker.diagnose C->S com.docker.service GET /ping
[2026-04-27T21:34:57.735190800Z][com.docker.diagnose.exe.ipc][W] (e9570f11-6) 5d97a922-com.docker.diagnose C<-S ConnectionClosed GET /ping (559.5µs): Get "http://ipc/ping": open \\.\pipe\dockerBackendV2: The system cannot find the file specified.
[2026-04-27T21:34:58.038891100Z][com.docker.diagnose.exe] Gathering VirtualizationAPIGatherer took 8.0024558s
[2026-04-27T21:34:58.038891100Z][com.docker.diagnose.exe] Gathering Get-WindowsOptionalFeature -Online | ConvertTo-Json (timeout 45s)
[2026-04-27T21:34:58.040992200Z][com.docker.diagnose.exe] Executing: [powershell -NoProfile -Command &{ Get-WindowsOptionalFeature -Online | ConvertTo-Json }]
[2026-04-27T21:34:58.499384900Z][com.docker.diagnose.exe] Gathering Get-Service | ConvertTo-Json -Depth 1 (timeout 0s) took 1.6970894s
[2026-04-27T21:34:58.502388300Z][com.docker.diagnose.exe] Gathering Get-ItemProperty HKLM:\Software\Microsoft\Windows\CurrentVersion\Uninstall\* |  Select-Object DisplayName, DisplayVersion, Publisher, InstallDate | ConvertTo-Json (timeout 0s)
[2026-04-27T21:34:58.505077600Z][com.docker.diagnose.exe] Executing: [powershell -NoProfile -Command &{ Get-ItemProperty HKLM:\Software\Microsoft\Windows\CurrentVersion\Uninstall\* |  Select-Object DisplayName, DisplayVersion, Publisher, InstallDate | ConvertTo-Json }]
[2026-04-27T21:34:58.740397800Z][com.docker.diagnose.exe.ipc] (e9570f11-7) 5d97a922-com.docker.diagnose C->S com.docker.service GET /ping
[2026-04-27T21:34:58.741395500Z][com.docker.diagnose.exe.ipc][W] (e9570f11-7) 5d97a922-com.docker.diagnose C<-S ConnectionClosed GET /ping (997.7µs): Get "http://ipc/ping": open \\.\pipe\dockerBackendV2: The system cannot find the file specified.
[2026-04-27T21:34:58.940703500Z][com.docker.diagnose.exe] Gathering Get-WindowsOptionalFeature -Online | ConvertTo-Json (timeout 45s) took 901.8124ms
[2026-04-27T21:34:58.940703500Z][com.docker.diagnose.exe] Gathering Get-Hotfix | Select-Object -Property PSComputerName,Description,HotFixID,InstalledBy,@{Name='InstalledOn'; Expression={$_.InstalledOn.DateTime}} | ConvertTo-Json (timeout 0s)
[2026-04-27T21:34:58.942806500Z][com.docker.diagnose.exe] Executing: [powershell -NoProfile -Command &{ Get-Hotfix | Select-Object -Property PSComputerName,Description,HotFixID,InstalledBy,@{Name='InstalledOn'; Expression={$_.InstalledOn.DateTime}} | ConvertTo-Json }]
[2026-04-27T21:34:59.217862600Z][com.docker.diagnose.exe] Gathering Get-ItemProperty HKLM:\Software\Microsoft\Windows\CurrentVersion\Uninstall\* |  Select-Object DisplayName, DisplayVersion, Publisher, InstallDate | ConvertTo-Json (timeout 0s) took 714.826ms
[2026-04-27T21:34:59.217862600Z][com.docker.diagnose.exe] Gathering driverquery /FO CSV (timeout 30s)
[2026-04-27T21:34:59.220028200Z][com.docker.diagnose.exe] Executing: [powershell -NoProfile -Command &{ driverquery /FO CSV }]
[2026-04-27T21:34:59.741936600Z][com.docker.diagnose.exe.ipc] (e9570f11-8) 5d97a922-com.docker.diagnose C->S com.docker.service GET /ping
[2026-04-27T21:34:59.742445400Z][com.docker.diagnose.exe.ipc][W] (e9570f11-8) 5d97a922-com.docker.diagnose C<-S ConnectionClosed GET /ping (508.8µs): Get "http://ipc/ping": open \\.\pipe\dockerBackendV2: The system cannot find the file specified.
[2026-04-27T21:35:00.731644900Z][com.docker.diagnose.exe.ipc] 98ebbd0e-diagnose -> \\.\pipe\dockerBackendV2 Service
[2026-04-27T21:35:00.731644900Z][com.docker.diagnose.exe.ipc] (a9b1a537-0) 98ebbd0e-diagnose C->S Service GET /ping
[2026-04-27T21:35:00.732992800Z][com.docker.diagnose.exe.ipc][W] (a9b1a537-0) 98ebbd0e-diagnose C<-S ConnectionClosed GET /ping (1.3479ms): Get "http://ipc/ping": open \\.\pipe\dockerBackendV2: The system cannot find the file specified.
[2026-04-27T21:35:01.050219200Z][com.docker.diagnose.exe] Gathering Get-Hotfix | Select-Object -Property PSComputerName,Description,HotFixID,InstalledBy,@{Name='InstalledOn'; Expression={$_.InstalledOn.DateTime}} | ConvertTo-Json (timeout 0s) took 2.1090053s
[2026-04-27T21:35:01.050219200Z][com.docker.diagnose.exe] Gathering Get-CimInstance win32_logicaldisk (timeout 0s)
[2026-04-27T21:35:01.052352700Z][com.docker.diagnose.exe] Executing: [powershell -NoProfile -Command &{ Get-CimInstance win32_logicaldisk }]
[2026-04-27T21:35:01.491645700Z][com.docker.diagnose.exe] Gathering tasklist /V (timeout 0s) took 9.9413419s
[2026-04-27T21:35:01.491645700Z][com.docker.diagnose.exe] Gathering Get-EventLog -LogName Application -Source DockerService | ConvertTo-Csv (timeout 45s)
[2026-04-27T21:35:01.495689100Z][com.docker.diagnose.exe] Executing: [powershell -NoProfile -Command &{ Get-EventLog -LogName Application -Source DockerService | ConvertTo-Csv }]
[2026-04-27T21:35:01.664555000Z][com.docker.diagnose.exe] Gathering Get-CimInstance win32_logicaldisk (timeout 0s) took 613.8234ms
[2026-04-27T21:35:01.664555000Z][com.docker.diagnose.exe] Gathering C:\Windows\System32\winevt\Logs\System.evtx
[2026-04-27T21:35:01.664555000Z][com.docker.diagnose.exe] Gathering: C:\Windows\System32\winevt\Logs\System.evtx
[2026-04-27T21:35:01.664555000Z][com.docker.diagnose.exe][W] C:\Windows\System32\winevt\Logs\System.evtxopen C:\Windows\System32\winevt\Logs\System.evtx: Access is denied.
[2026-04-27T21:35:01.664555000Z][com.docker.diagnose.exe] Gathering C:\Windows\System32\winevt\Logs\System.evtx took 0s
[2026-04-27T21:35:01.664555000Z][com.docker.diagnose.exe] Gathering (Get-ItemProperty 'HKLM:\Software\Microsoft\Windows NT\CurrentVersion' -Name UBR).UBR (timeout 0s)
[2026-04-27T21:35:01.666579600Z][com.docker.diagnose.exe] Executing: [powershell -NoProfile -Command &{ (Get-ItemProperty 'HKLM:\Software\Microsoft\Windows NT\CurrentVersion' -Name UBR).UBR }]
[2026-04-27T21:35:02.075285100Z][com.docker.diagnose.exe] Gathering (Get-ItemProperty 'HKLM:\Software\Microsoft\Windows NT\CurrentVersion' -Name UBR).UBR (timeout 0s) took 410.7301ms
[2026-04-27T21:35:02.075949000Z][com.docker.diagnose.exe] Gathering bcdedit /enum (timeout 0s)
[2026-04-27T21:35:02.077530900Z][com.docker.diagnose.exe] Executing: [powershell -NoProfile -Command &{ bcdedit /enum }]
[2026-04-27T21:35:02.428826000Z][com.docker.diagnose.exe] Gathering bcdedit /enum (timeout 0s) took 352.877ms
[2026-04-27T21:35:02.428826000Z][com.docker.diagnose.exe] Gathering Get-ItemProperty HKLM:\SYSTEM\CurrentControlSet\Control -Name SystemStartOptions (timeout 0s)
[2026-04-27T21:35:02.432094900Z][com.docker.diagnose.exe] Executing: [powershell -NoProfile -Command &{ Get-ItemProperty HKLM:\SYSTEM\CurrentControlSet\Control -Name SystemStartOptions }]
[2026-04-27T21:35:02.818735900Z][com.docker.diagnose.exe] Gathering Get-ItemProperty HKLM:\SYSTEM\CurrentControlSet\Control -Name SystemStartOptions (timeout 0s) took 389.9099ms
[2026-04-27T21:35:02.819499900Z][com.docker.diagnose.exe] Gathering Get-ChildItem \\.\pipe\ (timeout 0s)
[2026-04-27T21:35:02.822476500Z][com.docker.diagnose.exe] Executing: [powershell -NoProfile -Command &{ Get-ChildItem \\.\pipe\ }]
[2026-04-27T21:35:03.752559100Z][com.docker.diagnose.exe] Gathering Get-ChildItem \\.\pipe\ (timeout 0s) took 933.0592ms
[2026-04-27T21:35:03.752559100Z][com.docker.diagnose.exe] Gathering WinEvent
[2026-04-27T21:35:03.757407300Z][com.docker.diagnose.exe] Executing: [powershell -NoProfile -Command &{ $lst = (Get-Date).AddHours(-24); $lns = "Microsoft-Windows-Hyper-V*"; $ps = "Microsoft-Windows-Hyper-V-*"; $ll = 8,7,6,5,4,3,2,1,0; Get-WinEvent -FilterHashtable @{Logname=$lns; StartTime=$lst; Level=$ll; ProviderName=$ps} -ErrorAction Ignore |  ConvertTo-Csv }]
[2026-04-27T21:35:08.739079900Z][com.docker.diagnose.exe] Gathering WinEvent took 4.9865208s
[2026-04-27T21:35:08.739079900Z][com.docker.diagnose.exe] Gathering ipconfig /allcompartments /all (timeout 0s)
[2026-04-27T21:35:08.741868400Z][com.docker.diagnose.exe] Executing: [ipconfig /allcompartments /all]
[2026-04-27T21:35:08.795632300Z][com.docker.diagnose.exe] Gathering ipconfig /allcompartments /all (timeout 0s) took 56.5524ms
[2026-04-27T21:35:08.796164900Z][com.docker.diagnose.exe] Gathering Import-Module NetTCPIP; Get-NetIPAddress | Select-Object -ExcludeProperty Cim* -Property * | ConvertTo-Json (timeout 0s)
[2026-04-27T21:35:08.797768800Z][com.docker.diagnose.exe] Executing: [powershell -NoProfile -Command &{ Import-Module NetTCPIP; Get-NetIPAddress | Select-Object -ExcludeProperty Cim* -Property * | ConvertTo-Json }]
[2026-04-27T21:35:10.486859200Z][com.docker.diagnose.exe] Gathering Get-EventLog -LogName Application -Source DockerService | ConvertTo-Csv (timeout 45s) took 8.9952135s
[2026-04-27T21:35:10.487378100Z][com.docker.diagnose.exe] Gathering Import-Module NetTCPIP; Get-NetIPInterface | FL * (timeout 0s)
[2026-04-27T21:35:10.489413200Z][com.docker.diagnose.exe] Executing: [powershell -NoProfile -Command &{ Import-Module NetTCPIP; Get-NetIPInterface | FL * }]
[2026-04-27T21:35:11.329463100Z][com.docker.diagnose.exe] Gathering Import-Module NetTCPIP; Get-NetIPAddress | Select-Object -ExcludeProperty Cim* -Property * | ConvertTo-Json (timeout 0s) took 2.5332982s
[2026-04-27T21:35:11.329981000Z][com.docker.diagnose.exe] Gathering Import-Module NetTCPIP; Get-NetIPInterface | Select-Object -ExcludeProperty Cim* -Property *| ConvertTo-Json (timeout 0s)
[2026-04-27T21:35:11.332054800Z][com.docker.diagnose.exe] Executing: [powershell -NoProfile -Command &{ Import-Module NetTCPIP; Get-NetIPInterface | Select-Object -ExcludeProperty Cim* -Property *| ConvertTo-Json }]
[2026-04-27T21:35:11.465231400Z][com.docker.diagnose.exe] Gathering driverquery /FO CSV (timeout 30s) took 12.2473688s
[2026-04-27T21:35:11.466181800Z][com.docker.diagnose.exe] Gathering Import-Module NetNat; Get-NetNat | FL * (timeout 0s)
[2026-04-27T21:35:11.470709400Z][com.docker.diagnose.exe] Executing: [powershell -NoProfile -Command &{ Import-Module NetNat; Get-NetNat | FL * }]
[2026-04-27T21:35:12.415497800Z][com.docker.diagnose.exe] Gathering Import-Module NetTCPIP; Get-NetIPInterface | FL * (timeout 0s) took 1.9281197s
[2026-04-27T21:35:12.415497800Z][com.docker.diagnose.exe] Gathering Import-Module NetNat; Get-NetNat | Select-Object -ExcludeProperty Cim* -Property * | ConvertTo-Json (timeout 0s)
[2026-04-27T21:35:12.427360600Z][com.docker.diagnose.exe] Executing: [powershell -NoProfile -Command &{ Import-Module NetNat; Get-NetNat | Select-Object -ExcludeProperty Cim* -Property * | ConvertTo-Json }]
[2026-04-27T21:35:12.803885100Z][com.docker.diagnose.exe] Gathering Import-Module NetNat; Get-NetNat | FL * (timeout 0s) took 1.3377033s
[2026-04-27T21:35:12.804408500Z][com.docker.diagnose.exe] Gathering Import-Module NetNat; Get-NetNatStaticMapping | FL * (timeout 0s)
[2026-04-27T21:35:12.806428400Z][com.docker.diagnose.exe] Executing: [powershell -NoProfile -Command &{ Import-Module NetNat; Get-NetNatStaticMapping | FL * }]
[2026-04-27T21:35:12.959275100Z][com.docker.diagnose.exe] Gathering Import-Module NetTCPIP; Get-NetIPInterface | Select-Object -ExcludeProperty Cim* -Property *| ConvertTo-Json (timeout 0s) took 1.6292941s
[2026-04-27T21:35:12.959275100Z][com.docker.diagnose.exe] Gathering Import-Module NetNat; Get-NetNatStaticMapping | Select-Object -ExcludeProperty Cim* -Property *| ConvertTo-Json (timeout 0s)
[2026-04-27T21:35:12.967291000Z][com.docker.diagnose.exe] Executing: [powershell -NoProfile -Command &{ Import-Module NetNat; Get-NetNatStaticMapping | Select-Object -ExcludeProperty Cim* -Property *| ConvertTo-Json }]
[2026-04-27T21:35:13.500767800Z][com.docker.diagnose.exe] Gathering Import-Module NetNat; Get-NetNat | Select-Object -ExcludeProperty Cim* -Property * | ConvertTo-Json (timeout 0s) took 1.08527s
[2026-04-27T21:35:13.501275200Z][com.docker.diagnose.exe] Gathering Import-Module NetConnection; Get-NetConnectionProfile | FL * (timeout 0s)
[2026-04-27T21:35:13.504358200Z][com.docker.diagnose.exe] Executing: [powershell -NoProfile -Command &{ Import-Module NetConnection; Get-NetConnectionProfile | FL * }]
[2026-04-27T21:35:13.732595200Z][com.docker.diagnose.exe.ipc] (08c029f1-2) 1aafc6bc-diagnose C->S BackendAPI POST /idle/make-busy
[2026-04-27T21:35:13.734595400Z][com.docker.diagnose.exe] Gathering Import-Module NetNat; Get-NetNatStaticMapping | FL * (timeout 0s) took 930.1869ms
[2026-04-27T21:35:13.734595400Z][com.docker.diagnose.exe] Gathering Import-Module NetConnection; Get-NetConnectionProfile | Select-Object -ExcludeProperty Cim* -Property | ConvertTo-Json (timeout 0s)
[2026-04-27T21:35:13.738132700Z][com.docker.diagnose.exe] Executing: [powershell -NoProfile -Command &{ Import-Module NetConnection; Get-NetConnectionProfile | Select-Object -ExcludeProperty Cim* -Property | ConvertTo-Json }]
[2026-04-27T21:35:13.739583100Z][com.docker.diagnose.exe.ipc] (08c029f1-2) 1aafc6bc-diagnose C<-S 4b0693ae-BackendAPI POST /idle/make-busy (6.9879ms): 0xc000024020
[2026-04-27T21:35:13.826508300Z][com.docker.diagnose.exe] Gathering Import-Module NetNat; Get-NetNatStaticMapping | Select-Object -ExcludeProperty Cim* -Property *| ConvertTo-Json (timeout 0s) took 867.2332ms
[2026-04-27T21:35:13.826508300Z][com.docker.diagnose.exe] Gathering Import-Module NetTCPIP; Get-NetRoute | FL * (timeout 0s)
[2026-04-27T21:35:13.828220600Z][com.docker.diagnose.exe] Executing: [powershell -NoProfile -Command &{ Import-Module NetTCPIP; Get-NetRoute | FL * }]
[2026-04-27T21:35:14.441096700Z][com.docker.diagnose.exe] Gathering Import-Module NetConnection; Get-NetConnectionProfile | FL * (timeout 0s) took 939.2161ms
[2026-04-27T21:35:14.441096700Z][com.docker.diagnose.exe] Gathering Import-Module NetTCPIP; Get-NetRoute | Select-Object -ExcludeProperty Cim* -Property * | ConvertTo-Json (timeout 0s)
[2026-04-27T21:35:14.443569700Z][com.docker.diagnose.exe] Executing: [powershell -NoProfile -Command &{ Import-Module NetTCPIP; Get-NetRoute | Select-Object -ExcludeProperty Cim* -Property * | ConvertTo-Json }]
[2026-04-27T21:35:14.617186200Z][com.docker.diagnose.exe] Gathering Import-Module NetConnection; Get-NetConnectionProfile | Select-Object -ExcludeProperty Cim* -Property | ConvertTo-Json (timeout 0s) took 882.5908ms
[2026-04-27T21:35:14.618188000Z][com.docker.diagnose.exe] Gathering C:\WINDOWS\System32\drivers\etc\hosts
[2026-04-27T21:35:14.618188000Z][com.docker.diagnose.exe] Gathering: C:\WINDOWS\System32\drivers\etc\hosts
[2026-04-27T21:35:14.627229900Z][com.docker.diagnose.exe] Gathering C:\WINDOWS\System32\drivers\etc\hosts took 9.0419ms
[2026-04-27T21:35:14.627229900Z][com.docker.diagnose.exe] Gathering nslookup localhost (timeout 0s)
[2026-04-27T21:35:14.630513200Z][com.docker.diagnose.exe] Executing: [nslookup localhost]
[2026-04-27T21:35:15.360269400Z][com.docker.diagnose.exe] Gathering Import-Module NetTCPIP; Get-NetRoute | FL * (timeout 0s) took 1.5337611s
[2026-04-27T21:35:15.360789800Z][com.docker.diagnose.exe] Gathering nslookup www.google.com (timeout 0s)
[2026-04-27T21:35:15.362398500Z][com.docker.diagnose.exe] Executing: [nslookup www.google.com]
[2026-04-27T21:35:15.776199500Z][com.docker.diagnose.exe] Gathering Import-Module NetTCPIP; Get-NetRoute | Select-Object -ExcludeProperty Cim* -Property * | ConvertTo-Json (timeout 0s) took 1.3351028s
[2026-04-27T21:35:15.776714300Z][com.docker.diagnose.exe] Gathering Get-CimInstance Win32_networkadapterconfiguration | ? { $_.DefaultIPGateway } | fl * (timeout 0s)
[2026-04-27T21:35:15.778889500Z][com.docker.diagnose.exe] Executing: [powershell -NoProfile -Command &{ Get-CimInstance Win32_networkadapterconfiguration | ? { $_.DefaultIPGateway } | fl * }]
[2026-04-27T21:35:16.529622200Z][com.docker.diagnose.exe] Gathering Get-CimInstance Win32_networkadapterconfiguration | ? { $_.DefaultIPGateway } | fl * (timeout 0s) took 752.9079ms
[2026-04-27T21:35:16.530325000Z][com.docker.diagnose.exe] Gathering Get-ItemProperty -Path 'HKCU:\Software\Microsoft\Windows\CurrentVersion\Internet Settings' (timeout 0s)
[2026-04-27T21:35:16.532920600Z][com.docker.diagnose.exe] Executing: [powershell -NoProfile -Command &{ Get-ItemProperty -Path 'HKCU:\Software\Microsoft\Windows\CurrentVersion\Internet Settings' }]
[2026-04-27T21:35:16.911407900Z][com.docker.diagnose.exe] Gathering Get-ItemProperty -Path 'HKCU:\Software\Microsoft\Windows\CurrentVersion\Internet Settings' (timeout 0s) took 381.0829ms
[2026-04-27T21:35:16.911918000Z][com.docker.diagnose.exe] Gathering netstat -rs (timeout 0s)
[2026-04-27T21:35:16.913549000Z][com.docker.diagnose.exe] Executing: [netstat -rs]
[2026-04-27T21:35:17.134622200Z][com.docker.diagnose.exe] Gathering netstat -rs (timeout 0s) took 222.1393ms
[2026-04-27T21:35:17.134622200Z][com.docker.diagnose.exe] Gathering netstat -ano (timeout 0s)
[2026-04-27T21:35:17.138073900Z][com.docker.diagnose.exe] Executing: [netstat -ano]
[2026-04-27T21:35:17.179011800Z][com.docker.diagnose.exe] Gathering netstat -ano (timeout 0s) took 44.3896ms
[2026-04-27T21:35:17.179011800Z][com.docker.diagnose.exe] Gathering netsh interface ipv4 show excludedportrange protocol=tcp (timeout 0s)
[2026-04-27T21:35:17.181832900Z][com.docker.diagnose.exe] Executing: [netsh interface ipv4 show excludedportrange protocol=tcp]
[2026-04-27T21:35:17.424633800Z][com.docker.diagnose.exe] Gathering netsh interface ipv4 show excludedportrange protocol=tcp (timeout 0s) took 245.622ms
[2026-04-27T21:35:17.424633800Z][com.docker.diagnose.exe] Gathering Import-Module Hyper-V; Get-VMSwitch -ComputerName . | FL * (timeout 1m0s)
[2026-04-27T21:35:17.426960300Z][com.docker.diagnose.exe] Executing: [powershell -NoProfile -Command &{ Import-Module Hyper-V; Get-VMSwitch -ComputerName . | FL * }]
[2026-04-27T21:35:18.552394200Z][com.docker.diagnose.exe] Gathering Import-Module Hyper-V; Get-VMSwitch -ComputerName . | FL * (timeout 1m0s) took 1.1277604s
[2026-04-27T21:35:18.552394200Z][com.docker.diagnose.exe] Gathering Import-Module Hyper-V; Get-VMSwitch -ComputerName . | ConvertTo-Json -Depth 2 (timeout 1m0s)
[2026-04-27T21:35:18.559397300Z][com.docker.diagnose.exe] Executing: [powershell -NoProfile -Command &{ Import-Module Hyper-V; Get-VMSwitch -ComputerName . | ConvertTo-Json -Depth 2 }]
[2026-04-27T21:35:19.328824400Z][com.docker.diagnose.exe] Gathering Import-Module Hyper-V; Get-VMSwitch -ComputerName . | ConvertTo-Json -Depth 2 (timeout 1m0s) took 776.4302ms
[2026-04-27T21:35:19.329328900Z][com.docker.diagnose.exe] Gathering HTTP GET localhost /v1.44/version
[2026-04-27T21:35:19.329328900Z][com.docker.diagnose.exe] HTTP GET: localhost /v1.44/version
[2026-04-27T21:35:20.712597000Z][com.docker.diagnose.exe] Gathering nslookup localhost (timeout 0s) took 6.0848525s
[2026-04-27T21:35:20.712597000Z][com.docker.diagnose.exe] Gathering HTTP GET localhost /v1.44/info
[2026-04-27T21:35:20.712597000Z][com.docker.diagnose.exe] HTTP GET: localhost /v1.44/info
[2026-04-27T21:35:24.329371900Z][com.docker.diagnose.exe][W] context deadline exceeded
[2026-04-27T21:35:24.329371900Z][com.docker.diagnose.exe] Gathering HTTP GET localhost /v1.44/version took 5.000043s
[2026-04-27T21:35:24.329371900Z][com.docker.diagnose.exe] Gathering HTTP GET localhost /v1.44/containers/json?all=1
[2026-04-27T21:35:24.329371900Z][com.docker.diagnose.exe] HTTP GET: localhost /v1.44/containers/json?all=1
[2026-04-27T21:35:24.330010800Z][com.docker.diagnose.exe][W] context deadline exceeded
[2026-04-27T21:35:24.330010800Z][com.docker.diagnose.exe] Gathering HTTP GET localhost /v1.44/containers/json?all=1 took 638.9µs
[2026-04-27T21:35:24.330010800Z][com.docker.diagnose.exe] Gathering HTTP GET localhost /v1.44/nodes
[2026-04-27T21:35:24.330010800Z][com.docker.diagnose.exe] HTTP GET: localhost /v1.44/nodes
[2026-04-27T21:35:24.330010800Z][com.docker.diagnose.exe][W] context deadline exceeded
[2026-04-27T21:35:24.330541800Z][com.docker.diagnose.exe] Gathering HTTP GET localhost /v1.44/nodes took 531µs
[2026-04-27T21:35:24.330541800Z][com.docker.diagnose.exe] Gathering HTTP GET localhost /v1.44/services
[2026-04-27T21:35:24.330541800Z][com.docker.diagnose.exe] HTTP GET: localhost /v1.44/services
[2026-04-27T21:35:24.330541800Z][com.docker.diagnose.exe][W] context deadline exceeded
[2026-04-27T21:35:24.331073800Z][com.docker.diagnose.exe] Gathering HTTP GET localhost /v1.44/services took 532µs
[2026-04-27T21:35:24.331073800Z][com.docker.diagnose.exe] Gathering HTTP GET localhost /v1.44/networks
[2026-04-27T21:35:24.331073800Z][com.docker.diagnose.exe] HTTP GET: localhost /v1.44/networks
[2026-04-27T21:35:24.331607000Z][com.docker.diagnose.exe][W] Get "http://localhost/v1.44/networks": context deadline exceeded
[2026-04-27T21:35:24.332649800Z][com.docker.diagnose.exe] Gathering HTTP GET localhost /v1.44/networks took 1.576ms
[2026-04-27T21:35:24.332649800Z][com.docker.diagnose.exe] Gathering Get-ItemProperty -Path 'HKLM:\SOFTWARE\Microsoft\Windows NT\CurrentVersion\Virtualization\Containers' | Select-Object -ExcludeProperty PS* | ConvertTo-Json (timeout 0s)
[2026-04-27T21:35:24.334740000Z][com.docker.diagnose.exe] Executing: [powershell -NoProfile -Command &{ Get-ItemProperty -Path 'HKLM:\SOFTWARE\Microsoft\Windows NT\CurrentVersion\Virtualization\Containers' | Select-Object -ExcludeProperty PS* | ConvertTo-Json }]
[2026-04-27T21:35:24.993019700Z][com.docker.diagnose.exe] Gathering Get-ItemProperty -Path 'HKLM:\SOFTWARE\Microsoft\Windows NT\CurrentVersion\Virtualization\Containers' | Select-Object -ExcludeProperty PS* | ConvertTo-Json (timeout 0s) took 660.3699ms
[2026-04-27T21:35:24.993462000Z][com.docker.diagnose.exe] Gathering Get-ChildItem HKLM:\SYSTEM\CurrentControlSet\Services\hns -Recurse (timeout 0s)
[2026-04-27T21:35:24.996664500Z][com.docker.diagnose.exe] Executing: [powershell -NoProfile -Command &{ Get-ChildItem HKLM:\SYSTEM\CurrentControlSet\Services\hns -Recurse }]
[2026-04-27T21:35:25.442765200Z][com.docker.diagnose.exe] Gathering nslookup www.google.com (timeout 0s) took 10.0819754s
[2026-04-27T21:35:25.443138000Z][com.docker.diagnose.exe] Gathering hcsdiag list (timeout 0s)
[2026-04-27T21:35:25.445726800Z][com.docker.diagnose.exe] Executing: [hcsdiag list]
[2026-04-27T21:35:25.481414400Z][com.docker.diagnose.exe][W] [hcsdiag list] exit status 0x8037011b
[2026-04-27T21:35:25.481924400Z][com.docker.diagnose.exe] Gathering hcsdiag list (timeout 0s) took 38.7864ms
[2026-04-27T21:35:25.481924400Z][com.docker.diagnose.exe] Gathering hnsdiag list all (timeout 0s)
[2026-04-27T21:35:25.483624900Z][com.docker.diagnose.exe] Executing: [hnsdiag list all]
[2026-04-27T21:35:25.511343700Z][com.docker.diagnose.exe][W] [hnsdiag list all] exit status 0x80070005
[2026-04-27T21:35:25.512081700Z][com.docker.diagnose.exe] Gathering hnsdiag list all (timeout 0s) took 30.1573ms
[2026-04-27T21:35:25.512081700Z][com.docker.diagnose.exe] Gathering C:\Windows\System32\winevt\Logs\Microsoft-Windows-Host-Network-Service-Admin.evtx
[2026-04-27T21:35:25.512081700Z][com.docker.diagnose.exe] Gathering: C:\Windows\System32\winevt\Logs\Microsoft-Windows-Host-Network-Service-Admin.evtx
[2026-04-27T21:35:25.512654500Z][com.docker.diagnose.exe][W] C:\Windows\System32\winevt\Logs\Microsoft-Windows-Host-Network-Service-Admin.evtxopen C:\Windows\System32\winevt\Logs\Microsoft-Windows-Host-Network-Service-Admin.evtx: Access is denied.
[2026-04-27T21:35:25.512654500Z][com.docker.diagnose.exe] Gathering C:\Windows\System32\winevt\Logs\Microsoft-Windows-Host-Network-Service-Admin.evtx took 572.8µs
[2026-04-27T21:35:25.512990800Z][com.docker.diagnose.exe] Gathering WinEvent
[2026-04-27T21:35:25.516563100Z][com.docker.diagnose.exe] Executing: [powershell -NoProfile -Command &{ $lst = (Get-Date).AddHours(-24); $lns = "Microsoft-Windows-Containers-Wcifs/Operational","Microsoft-Windows-Containers-Wcnfs/Operational","Microsoft-Windows-Hyper-V*","Application"; $ps = "Docker*","Microsoft-Windows-Hyper-V-*"; $ll = 8,7,6,5,4,3,2,1,0; Get-WinEvent -FilterHashtable @{Logname=$lns; StartTime=$lst; Level=$ll; ProviderName=$ps} -ErrorAction Ignore |  ConvertTo-Csv }]
[2026-04-27T21:35:25.705104500Z][com.docker.diagnose.exe] Gathering Get-ChildItem HKLM:\SYSTEM\CurrentControlSet\Services\hns -Recurse (timeout 0s) took 711.6425ms
[2026-04-27T21:35:25.705104500Z][com.docker.diagnose.exe] Gathering <HOME>\.docker\windows-daemon.json
[2026-04-27T21:35:25.705633200Z][com.docker.diagnose.exe] Gathering: <HOME>\.docker\windows-daemon.json
[2026-04-27T21:35:25.708160100Z][com.docker.diagnose.exe] Gathering <HOME>\.docker\windows-daemon.json took 2.5269ms
[2026-04-27T21:35:25.708160100Z][com.docker.diagnose.exe] Gathering C:\ProgramData\Microsoft\Windows\HNS\HNS.data
[2026-04-27T21:35:25.708675500Z][com.docker.diagnose.exe][W] C:\ProgramData\Microsoft\Windows\HNS\HNS.data not included
[2026-04-27T21:35:25.708675500Z][com.docker.diagnose.exe] Gathering C:\ProgramData\Microsoft\Windows\HNS\HNS.data took 515.4µs
[2026-04-27T21:35:25.708675500Z][com.docker.diagnose.exe] Gathering docker context ls (timeout 5s)
[2026-04-27T21:35:25.713119300Z][com.docker.diagnose.exe][W] context deadline exceeded
[2026-04-27T21:35:25.713119300Z][com.docker.diagnose.exe] Executing: [docker context ls]
[2026-04-27T21:35:25.713119300Z][com.docker.diagnose.exe] Gathering HTTP GET localhost /v1.44/info took 5.0005223s
[2026-04-27T21:35:25.713119300Z][com.docker.diagnose.exe] Gathering docker context inspect default (timeout 5s)
[2026-04-27T21:35:25.717929400Z][com.docker.diagnose.exe] Executing: [docker context inspect default]
[2026-04-27T21:35:25.875864600Z][com.docker.diagnose.exe] Gathering docker context inspect default (timeout 5s) took 162.7453ms
[2026-04-27T21:35:25.875864600Z][com.docker.diagnose.exe] Gathering docker context inspect desktop-linux (timeout 5s)
[2026-04-27T21:35:25.880757500Z][com.docker.diagnose.exe] Executing: [docker context inspect desktop-linux]
[2026-04-27T21:35:25.882865700Z][com.docker.diagnose.exe] Gathering docker context ls (timeout 5s) took 174.1902ms
[2026-04-27T21:35:25.882865700Z][com.docker.diagnose.exe] Gathering docker context inspect desktop-windows (timeout 5s)
[2026-04-27T21:35:25.887217000Z][com.docker.diagnose.exe] Executing: [docker context inspect desktop-windows]
[2026-04-27T21:35:26.045499900Z][com.docker.diagnose.exe] Gathering docker context inspect desktop-linux (timeout 5s) took 169.6353ms
[2026-04-27T21:35:26.045499900Z][com.docker.diagnose.exe] Gathering docker info (timeout 5s)
[2026-04-27T21:35:26.050406300Z][com.docker.diagnose.exe] Executing: [docker info]
[2026-04-27T21:35:26.057664500Z][com.docker.diagnose.exe][W] [docker context inspect desktop-windows] exit status 1
[2026-04-27T21:35:26.059669500Z][com.docker.diagnose.exe] Gathering docker context inspect desktop-windows (timeout 5s) took 176.8038ms
[2026-04-27T21:35:26.066130300Z][com.docker.diagnose.exe] Gathering {
  "id": "4385F88E-4557-4658-8682-32A2E89C5012",
  "date": "2026-04-27 21:34:49.7201645 +0000 UTC"
}
[2026-04-27T21:35:27.028435400Z][com.docker.diagnose.exe] Gathering {
  "id": "4385F88E-4557-4658-8682-32A2E89C5012",
  "date": "2026-04-27 21:34:49.7201645 +0000 UTC"
}
 took 962.3051ms
[2026-04-27T21:35:27.028435400Z][com.docker.diagnose.exe] Gathering kubectl --context docker-desktop --namespace docker describe pods
[2026-04-27T21:35:27.029080600Z][com.docker.diagnose.exe] kubernetes is disabled
[2026-04-27T21:35:27.029080600Z][com.docker.diagnose.exe] Gathering kubectl --context docker-desktop --namespace docker describe pods took 645.2µs
[2026-04-27T21:35:27.029080600Z][com.docker.diagnose.exe] Gathering kubectl --context docker-desktop --namespace docker describe daemonset
[2026-04-27T21:35:27.029080600Z][com.docker.diagnose.exe] kubernetes is disabled
[2026-04-27T21:35:27.029080600Z][com.docker.diagnose.exe] Gathering kubectl --context docker-desktop --namespace docker describe daemonset took 0s
[2026-04-27T21:35:27.029699800Z][com.docker.diagnose.exe] Gathering kubectl --context docker-desktop --namespace docker describe replicaset
[2026-04-27T21:35:27.029699800Z][com.docker.diagnose.exe] kubernetes is disabled
[2026-04-27T21:35:27.029699800Z][com.docker.diagnose.exe] Gathering kubectl --context docker-desktop --namespace docker describe replicaset took 0s
[2026-04-27T21:35:27.029699800Z][com.docker.diagnose.exe] Gathering kubectl --context docker-desktop --namespace docker describe deployments
[2026-04-27T21:35:27.029699800Z][com.docker.diagnose.exe] kubernetes is disabled
[2026-04-27T21:35:27.029699800Z][com.docker.diagnose.exe] Gathering kubectl --context docker-desktop --namespace docker describe deployments took 0s
[2026-04-27T21:35:27.030239500Z][com.docker.diagnose.exe] Gathering kubectl --context docker-desktop --namespace kube-system describe pods
[2026-04-27T21:35:27.030239500Z][com.docker.diagnose.exe] kubernetes is disabled
[2026-04-27T21:35:27.030239500Z][com.docker.diagnose.exe] Gathering kubectl --context docker-desktop --namespace kube-system describe pods took 0s
[2026-04-27T21:35:27.030239500Z][com.docker.diagnose.exe] Gathering kubectl --context docker-desktop --namespace kube-system describe daemonset
[2026-04-27T21:35:27.030239500Z][com.docker.diagnose.exe] kubernetes is disabled
[2026-04-27T21:35:27.030239500Z][com.docker.diagnose.exe] Gathering kubectl --context docker-desktop --namespace kube-system describe daemonset took 0s
[2026-04-27T21:35:27.030759700Z][com.docker.diagnose.exe] Gathering kubectl --context docker-desktop --namespace kube-system describe replicaset
[2026-04-27T21:35:27.030759700Z][com.docker.diagnose.exe] kubernetes is disabled
[2026-04-27T21:35:27.030759700Z][com.docker.diagnose.exe] Gathering kubectl --context docker-desktop --namespace kube-system describe replicaset took 0s
[2026-04-27T21:35:27.030759700Z][com.docker.diagnose.exe] Gathering kubectl --context docker-desktop --namespace kube-system describe deployments
[2026-04-27T21:35:27.030759700Z][com.docker.diagnose.exe] kubernetes is disabled
[2026-04-27T21:35:27.030759700Z][com.docker.diagnose.exe] Gathering kubectl --context docker-desktop --namespace kube-system describe deployments took 0s
[2026-04-27T21:35:27.031293500Z][com.docker.diagnose.exe] Gathering <HOME>\AppData\Local\Docker\log\vm/**
[2026-04-27T21:35:27.031293500Z][com.docker.diagnose.exe] Gathering: <HOME>\AppData\Local\Docker\log\vm
[2026-04-27T21:35:27.031293500Z][com.docker.diagnose.exe] gathering: <HOME>\AppData\Local\Docker\log\vm\init.log
[2026-04-27T21:35:27.039582200Z][com.docker.diagnose.exe] Gathering <HOME>\AppData\Local\Docker\log\vm/** took 8.2887ms
[2026-04-27T21:35:27.039582200Z][com.docker.diagnose.exe] Gathering <HOME>\AppData\Local\Docker\log\host/**
[2026-04-27T21:35:27.040102200Z][com.docker.diagnose.exe] Gathering: <HOME>\AppData\Local\Docker\log\host
[2026-04-27T21:35:27.041544600Z][com.docker.diagnose.exe] gathering: <HOME>\AppData\Local\Docker\log\host\Docker Desktop Installer.exe.log
[2026-04-27T21:35:27.053263900Z][com.docker.diagnose.exe] gathering: <HOME>\AppData\Local\Docker\log\host\Docker Desktop Updater-222799 (225177).exe.log
[2026-04-27T21:35:27.069831800Z][com.docker.diagnose.exe] gathering: <HOME>\AppData\Local\Docker\log\host\Docker Desktop.exe.log
[2026-04-27T21:35:27.082552700Z][com.docker.diagnose.exe] gathering: <HOME>\AppData\Local\Docker\log\host\Docker Desktop.exe.stderr.log
[2026-04-27T21:35:27.097585300Z][com.docker.diagnose.exe] gathering: <HOME>\AppData\Local\Docker\log\host\Docker Desktop.exe.stdout.log
[2026-04-27T21:35:27.108931200Z][com.docker.diagnose.exe] gathering: <HOME>\AppData\Local\Docker\log\host\com.docker.backend.exe.log
[2026-04-27T21:35:27.129674500Z][com.docker.diagnose.exe] gathering rotated: <HOME>\AppData\Local\Docker\log\host\com.docker.backend.exe.log.20260427-183128.321
[2026-04-27T21:35:27.131258200Z][com.docker.diagnose.exe] gathering rotated: <HOME>\AppData\Local\Docker\log\host\com.docker.backend.exe.log.20260427-183128.318
[2026-04-27T21:35:27.151367900Z][com.docker.diagnose.exe] gathering rotated: <HOME>\AppData\Local\Docker\log\host\com.docker.backend.exe.log.20260427-181704.676
[2026-04-27T21:35:27.176563400Z][com.docker.diagnose.exe] gathering rotated: <HOME>\AppData\Local\Docker\log\host\com.docker.backend.exe.log.20260427-102149.630
[2026-04-27T21:35:27.196785300Z][com.docker.diagnose.exe] gathering rotated: <HOME>\AppData\Local\Docker\log\host\com.docker.backend.exe.log.20260427-102149.268
[2026-04-27T21:35:27.216620600Z][com.docker.diagnose.exe] gathering rotated: <HOME>\AppData\Local\Docker\log\host\com.docker.backend.exe.log.20260427-101651.498
[2026-04-27T21:35:27.233874400Z][com.docker.diagnose.exe] gathering rotated: <HOME>\AppData\Local\Docker\log\host\com.docker.backend.exe.log.2
[2026-04-27T21:35:27.250043600Z][com.docker.diagnose.exe] gathering rotated: <HOME>\AppData\Local\Docker\log\host\com.docker.backend.exe.log.1
[2026-04-27T21:35:27.266854500Z][com.docker.diagnose.exe] gathering rotated: <HOME>\AppData\Local\Docker\log\host\com.docker.backend.exe.log.0
[2026-04-27T21:35:28.719224500Z][com.docker.diagnose.exe] Gathering WinEvent took 3.2062337s
[2026-04-27T21:35:28.719224500Z][com.docker.diagnose.exe] Gathering <HOME>\AppData\Local\Docker\backend.error.json
[2026-04-27T21:35:28.719224500Z][com.docker.diagnose.exe][W] <HOME>\AppData\Local\Docker\backend.error.json not included
[2026-04-27T21:35:28.719224500Z][com.docker.diagnose.exe] Gathering <HOME>\AppData\Local\Docker\backend.error.json took 0s
[2026-04-27T21:35:28.719224500Z][com.docker.diagnose.exe] Gathering <HOME>\AppData\Local\Docker\installer.error.json
[2026-04-27T21:35:28.719224500Z][com.docker.diagnose.exe][W] <HOME>\AppData\Local\Docker\installer.error.json not included
[2026-04-27T21:35:28.719224500Z][com.docker.diagnose.exe] Gathering <HOME>\AppData\Local\Docker\installer.error.json took 0s
[2026-04-27T21:35:28.719224500Z][com.docker.diagnose.exe] Gathering <HOME>\AppData\Local\Docker\hypervisor.error.json
[2026-04-27T21:35:28.719224500Z][com.docker.diagnose.exe][W] <HOME>\AppData\Local\Docker\hypervisor.error.json not included
[2026-04-27T21:35:28.719224500Z][com.docker.diagnose.exe] Gathering <HOME>\AppData\Local\Docker\hypervisor.error.json took 0s
[2026-04-27T21:35:28.719973700Z][com.docker.diagnose.exe] Gathering <HOME>\AppData\Roaming\Docker\features-overrides.json
[2026-04-27T21:35:28.719973700Z][com.docker.diagnose.exe] Gathering: <HOME>\AppData\Roaming\Docker\features-overrides.json
[2026-04-27T21:35:28.720488500Z][com.docker.diagnose.exe] Gathering <HOME>\AppData\Roaming\Docker\features-overrides.json took 514.8µs
[2026-04-27T21:35:28.721011200Z][com.docker.diagnose.exe] Gathering <HOME>\AppData\Roaming\Docker\unleash-repo-schema-v1-Docker Desktop.json
[2026-04-27T21:35:28.721011200Z][com.docker.diagnose.exe][W] <HOME>\AppData\Roaming\Docker\unleash-repo-schema-v1-Docker Desktop.json not included
[2026-04-27T21:35:28.721011200Z][com.docker.diagnose.exe] Gathering <HOME>\AppData\Roaming\Docker\unleash-repo-schema-v1-Docker Desktop.json took 0s
[2026-04-27T21:35:28.721011200Z][com.docker.diagnose.exe] Gathering C:\ProgramData\DockerDesktop\registry.json
[2026-04-27T21:35:28.721011200Z][com.docker.diagnose.exe][W] C:\ProgramData\DockerDesktop\registry.json not included
[2026-04-27T21:35:28.721011200Z][com.docker.diagnose.exe] Gathering C:\ProgramData\DockerDesktop\registry.json took 0s
[2026-04-27T21:35:28.721011200Z][com.docker.diagnose.exe] Gathering C:\ProgramData\DockerDesktop\access.json
[2026-04-27T21:35:28.721011200Z][com.docker.diagnose.exe][W] C:\ProgramData\DockerDesktop\access.json not included
[2026-04-27T21:35:28.721573900Z][com.docker.diagnose.exe] Gathering C:\ProgramData\DockerDesktop\access.json took 562.7µs
[2026-04-27T21:35:28.721573900Z][com.docker.diagnose.exe] Gathering C:\ProgramData\DockerDesktop\admin-settings.json
[2026-04-27T21:35:28.721573900Z][com.docker.diagnose.exe][W] C:\ProgramData\DockerDesktop\admin-settings.json not included
[2026-04-27T21:35:28.721573900Z][com.docker.diagnose.exe] Gathering C:\ProgramData\DockerDesktop\admin-settings.json took 0s
[2026-04-27T21:35:28.721573900Z][com.docker.diagnose.exe] Gathering <HOME>\AppData\Roaming\Docker\install-settings.json
[2026-04-27T21:35:28.721573900Z][com.docker.diagnose.exe][W] <HOME>\AppData\Roaming\Docker\install-settings.json not included
[2026-04-27T21:35:28.721573900Z][com.docker.diagnose.exe] Gathering <HOME>\AppData\Roaming\Docker\install-settings.json took 0s
[2026-04-27T21:35:28.721573900Z][com.docker.diagnose.exe] Gathering <HOME>\AppData\Roaming\Docker\registry-access-management-state.json
[2026-04-27T21:35:28.722095300Z][com.docker.diagnose.exe][W] <HOME>\AppData\Roaming\Docker\registry-access-management-state.json not included
[2026-04-27T21:35:28.722095300Z][com.docker.diagnose.exe] Gathering <HOME>\AppData\Roaming\Docker\registry-access-management-state.json took 0s
[2026-04-27T21:35:28.722095300Z][com.docker.diagnose.exe] Gathering <HOME>\AppData\Roaming\Docker\auth-token-family-creation-time.txt
[2026-04-27T21:35:28.722095300Z][com.docker.diagnose.exe] Gathering: <HOME>\AppData\Roaming\Docker\auth-token-family-creation-time.txt
[2026-04-27T21:35:28.722620700Z][com.docker.diagnose.exe] Gathering <HOME>\AppData\Roaming\Docker\auth-token-family-creation-time.txt took 525.4µs
[2026-04-27T21:35:28.722620700Z][com.docker.diagnose.exe] Gathering kubectl --context docker-desktop --namespace  version 
[2026-04-27T21:35:28.723145200Z][com.docker.diagnose.exe] kubernetes is disabled
[2026-04-27T21:35:28.723145200Z][com.docker.diagnose.exe] Gathering kubectl --context docker-desktop --namespace  version  took 524.5µs
[2026-04-27T21:35:28.723145200Z][com.docker.diagnose.exe] Gathering kubectl --context docker-desktop --namespace  config get-contexts
[2026-04-27T21:35:28.723145200Z][com.docker.diagnose.exe] kubernetes is disabled
[2026-04-27T21:35:28.723145200Z][com.docker.diagnose.exe] Gathering kubectl --context docker-desktop --namespace  config get-contexts took 0s
[2026-04-27T21:35:28.723145200Z][com.docker.diagnose.exe] Gathering kubectl --context docker-desktop --namespace  config current-context
[2026-04-27T21:35:28.723672200Z][com.docker.diagnose.exe] kubernetes is disabled
[2026-04-27T21:35:28.723672200Z][com.docker.diagnose.exe] Gathering kubectl --context docker-desktop --namespace  config current-context took 527µs
[2026-04-27T21:35:28.723672200Z][com.docker.diagnose.exe] Gathering kubectl --context docker-desktop --namespace  get nodes
[2026-04-27T21:35:28.723672200Z][com.docker.diagnose.exe] kubernetes is disabled
[2026-04-27T21:35:28.723672200Z][com.docker.diagnose.exe] Gathering kubectl --context docker-desktop --namespace  get nodes took 0s
[2026-04-27T21:35:28.723672200Z][com.docker.diagnose.exe] Gathering kubectl --context docker-desktop --namespace  get namespaces
[2026-04-27T21:35:28.725791500Z][com.docker.diagnose.exe] kubernetes is disabled
[2026-04-27T21:35:28.725791500Z][com.docker.diagnose.exe] Gathering kubectl --context docker-desktop --namespace  get namespaces took 0s
[2026-04-27T21:35:28.725791500Z][com.docker.diagnose.exe] Gathering kubectl --context docker-desktop --namespace  describe nodes
[2026-04-27T21:35:28.726796300Z][com.docker.diagnose.exe] kubernetes is disabled
[2026-04-27T21:35:28.726796300Z][com.docker.diagnose.exe] Gathering kubectl --context docker-desktop --namespace  describe nodes took 0s
[2026-04-27T21:35:28.726796300Z][com.docker.diagnose.exe] Gathering kubectl --context docker-desktop --namespace  describe pods
[2026-04-27T21:35:28.727677100Z][com.docker.diagnose.exe] kubernetes is disabled
[2026-04-27T21:35:28.727677100Z][com.docker.diagnose.exe] Gathering kubectl --context docker-desktop --namespace  describe pods took 880.8µs
[2026-04-27T21:35:28.727677100Z][com.docker.diagnose.exe] Gathering kubectl --context docker-desktop --namespace  cluster-info dump
[2026-04-27T21:35:28.727677100Z][com.docker.diagnose.exe] kubernetes is disabled
[2026-04-27T21:35:28.727677100Z][com.docker.diagnose.exe] Gathering kubectl --context docker-desktop --namespace  cluster-info dump took 0s
[2026-04-27T21:35:28.728186500Z][com.docker.diagnose.exe] Gathering kubectl --context docker-desktop --namespace  describe services
[2026-04-27T21:35:28.728186500Z][com.docker.diagnose.exe] kubernetes is disabled
[2026-04-27T21:35:28.728186500Z][com.docker.diagnose.exe] Gathering kubectl --context docker-desktop --namespace  describe services took 0s
[2026-04-27T21:35:28.728186500Z][com.docker.diagnose.exe] Gathering kubectl --context docker-desktop --namespace  describe storageclass,pv,pvc
[2026-04-27T21:35:28.728981000Z][com.docker.diagnose.exe] kubernetes is disabled
[2026-04-27T21:35:28.728981000Z][com.docker.diagnose.exe] Gathering kubectl --context docker-desktop --namespace  describe storageclass,pv,pvc took 794.5µs
[2026-04-27T21:35:28.728981000Z][com.docker.diagnose.exe] Gathering docker logs -t -n10000 kind-registry-mirror (timeout 10s)
[2026-04-27T21:35:28.732070800Z][com.docker.diagnose.exe] Executing: [docker logs -t -n10000 kind-registry-mirror]
[2026-04-27T21:35:30.650468000Z][com.docker.diagnose.exe] gathering: <HOME>\AppData\Local\Docker\log\host\com.docker.build.log
[2026-04-27T21:35:30.691086400Z][com.docker.diagnose.exe] gathering: <HOME>\AppData\Local\Docker\log\host\com.docker.diagnose.exe.log
