-------------------------------------------------------------------------------->8
[2026-03-27T15:36:46.384085800Z] Starting daemon at \\.\pipe\docker_sandboxes_sandboxd (Ctrl+C to stop)...
[2026-03-27T15:36:46.397989900Z] {"time":"2026-03-27T12:36:46.3800442-03:00","level":"INFO","msg":"starting sandboxd","version":"v0.12.0 f13b3c1a96a8be40b06473bb3db0c26dbfe1878c"}
[2026-03-27T15:36:46.397989900Z] {"time":"2026-03-27T12:36:46.3949057-03:00","level":"INFO","msg":"created secrets store for credential management"}
[2026-03-27T15:36:46.397989900Z] {"time":"2026-03-27T12:36:46.395757-03:00","level":"INFO","msg":"vm registry initialized","discovered_vms":0}
[2026-03-27T15:36:46.417660000Z] {"time":"2026-03-27T12:36:46.395757-03:00","level":"INFO","msg":"starting api server","address":"\\\\.\\pipe\\docker_sandboxes_sandboxd"}
[2026-03-27T15:36:46.417660000Z] {"time":"2026-03-27T12:36:46.395757-03:00","level":"INFO","msg":"starting server","address":"\\\\.\\pipe\\docker_sandboxes_sandboxd"}
[2026-03-27T15:36:46.417660000Z] {"time":"2026-03-27T12:36:46.3992129-03:00","level":"INFO","msg":"secrets engine starting up..."}
[2026-03-27T15:36:46.419660100Z] {"time":"2026-03-27T12:36:46.3992129-03:00","level":"INFO","msg":"registering public route: /health"}
[2026-03-27T15:36:46.419660100Z] {"time":"2026-03-27T12:36:46.3992129-03:00","level":"INFO","msg":"registering public route: /resolver.v1.ListService/"}
[2026-03-27T15:36:46.420166200Z] {"time":"2026-03-27T12:36:46.3992129-03:00","level":"INFO","msg":"registering protected route: /resolver.v1.ResolverService/"}
[2026-03-27T15:36:46.420166200Z] {"time":"2026-03-27T12:36:46.3992129-03:00","level":"INFO","msg":"secrets engine ready"}
[2026-03-27T15:36:46.420166200Z] {"time":"2026-03-27T12:36:46.3992129-03:00","level":"INFO","msg":"VM monitor started","idle_timeout":1800000000000,"max_running_vms":3}
[2026-03-27T15:36:46.897639900Z] {"time":"2026-03-27T12:36:46.8964044-03:00","level":"INFO","msg":"api server started successfully","address":"\\\\.\\pipe\\docker_sandboxes_sandboxd"}
-------------------------------------------------------------------------------->8
[2026-04-27T12:26:15.626200900Z] Starting daemon at \\.\pipe\docker_sandboxes_sandboxd (Ctrl+C to stop)...
[2026-04-27T12:26:15.669131000Z] {"time":"2026-04-27T09:26:15.6314275-03:00","level":"INFO","msg":"starting sandboxd","version":"v0.12.0 f13b3c1a96a8be40b06473bb3db0c26dbfe1878c"}
[2026-04-27T12:26:15.737493500Z] {"time":"2026-04-27T09:26:15.7371334-03:00","level":"INFO","msg":"created secrets store for credential management"}
[2026-04-27T12:26:15.738859100Z] {"time":"2026-04-27T09:26:15.7379991-03:00","level":"INFO","msg":"vm registry initialized","discovered_vms":0}
[2026-04-27T12:26:15.746517800Z] {"time":"2026-04-27T09:26:15.7388591-03:00","level":"INFO","msg":"starting api server","address":"\\\\.\\pipe\\docker_sandboxes_sandboxd"}
[2026-04-27T12:26:15.747025300Z] {"time":"2026-04-27T09:26:15.7408994-03:00","level":"INFO","msg":"secrets engine starting up..."}
[2026-04-27T12:26:15.747025300Z] {"time":"2026-04-27T09:26:15.7470253-03:00","level":"INFO","msg":"registering public route: /health"}
[2026-04-27T12:26:15.748083200Z] {"time":"2026-04-27T09:26:15.7480832-03:00","level":"INFO","msg":"registering public route: /resolver.v1.ListService/"}
[2026-04-27T12:26:15.749193900Z] {"time":"2026-04-27T09:26:15.7491939-03:00","level":"INFO","msg":"registering protected route: /resolver.v1.ResolverService/"}
[2026-04-27T12:26:15.749724100Z] {"time":"2026-04-27T09:26:15.7491939-03:00","level":"INFO","msg":"secrets engine ready"}
[2026-04-27T12:26:15.749724100Z] {"time":"2026-04-27T09:26:15.7497241-03:00","level":"INFO","msg":"starting server","address":"\\\\.\\pipe\\docker_sandboxes_sandboxd"}
[2026-04-27T12:26:15.751805400Z] {"time":"2026-04-27T09:26:15.7512802-03:00","level":"INFO","msg":"VM monitor started","idle_timeout":1800000000000,"max_running_vms":3}
[2026-04-27T12:26:16.238559200Z] {"time":"2026-04-27T09:26:16.2385592-03:00","level":"INFO","msg":"api server started successfully","address":"\\\\.\\pipe\\docker_sandboxes_sandboxd"}
-------------------------------------------------------------------------------->8
[2026-04-27T12:45:56.673563800Z] Usage:  docker [OPTIONS] COMMAND
[2026-04-27T12:45:56.674036800Z] 
[2026-04-27T12:45:56.674036800Z] docker-sandbox is a Docker CLI plugin
[2026-04-27T12:45:56.674036800Z] 
[2026-04-27T12:45:56.674036800Z] Management Commands:
[2026-04-27T12:45:56.674036800Z]   sandbox                    Docker Sandbox
[2026-04-27T12:45:56.674036800Z] 
[2026-04-27T12:45:56.674036800Z] Global Options:
[2026-04-27T12:45:56.674036800Z]       --config string      Location of client config files (default
[2026-04-27T12:45:56.674036800Z]                            "C:\\Users\\Usuário\\.docker")
[2026-04-27T12:45:56.674036800Z]   -c, --context string     Name of the context to use to connect to the
[2026-04-27T12:45:56.674036800Z]                            daemon (overrides DOCKER_HOST env var and
[2026-04-27T12:45:56.674543300Z]                            default context set with "docker context use")
[2026-04-27T12:45:56.674543300Z]   -D, --debug              Enable debug mode
[2026-04-27T12:45:56.674543300Z]   -H, --host string        Daemon socket to connect to
[2026-04-27T12:45:56.674543300Z]   -l, --log-level string   Set the logging level ("debug", "info",
[2026-04-27T12:45:56.674543300Z]                            "warn", "error", "fatal") (default "info")
[2026-04-27T12:45:56.674543300Z]       --tls                Use TLS; implied by --tlsverify
[2026-04-27T12:45:56.674543300Z]       --tlscacert string   Trust certs signed only by this CA (default
[2026-04-27T12:45:56.674543300Z]                            "C:\\Users\\Usuário\\.docker\\ca.pem")
[2026-04-27T12:45:56.674543300Z]       --tlscert string     Path to TLS certificate file (default
[2026-04-27T12:45:56.674543300Z]                            "C:\\Users\\Usuário\\.docker\\cert.pem")
[2026-04-27T12:45:56.674543300Z]       --tlskey string      Path to TLS key file (default
[2026-04-27T12:45:56.674543300Z]                            "C:\\Users\\Usuário\\.docker\\key.pem")
[2026-04-27T12:45:56.674543300Z]       --tlsverify          Use TLS and verify the remote
[2026-04-27T12:45:56.674543300Z] 
[2026-04-27T12:45:56.674543300Z] Run 'docker COMMAND --help' for more information on a command.
[2026-04-27T12:45:56.674543300Z] 
[2026-04-27T12:45:56.674543300Z] For more help on how to use Docker, head to https://docs.docker.com/go/guides/
-------------------------------------------------------------------------------->8
[2026-04-27T12:56:22.989065400Z] Starting daemon at \\.\pipe\docker_sandboxes_sandboxd (Ctrl+C to stop)...
[2026-04-27T12:56:23.015728000Z] {"time":"2026-04-27T09:56:22.9944584-03:00","level":"INFO","msg":"starting sandboxd","version":"v0.12.0 f13b3c1a96a8be40b06473bb3db0c26dbfe1878c"}
[2026-04-27T12:56:23.025301000Z] {"time":"2026-04-27T09:56:23.025301-03:00","level":"INFO","msg":"created secrets store for credential management"}
[2026-04-27T12:56:23.026432400Z] {"time":"2026-04-27T09:56:23.025893-03:00","level":"INFO","msg":"vm registry initialized","discovered_vms":0}
[2026-04-27T12:56:23.030533700Z] {"time":"2026-04-27T09:56:23.0273596-03:00","level":"INFO","msg":"starting api server","address":"\\\\.\\pipe\\docker_sandboxes_sandboxd"}
[2026-04-27T12:56:23.037659300Z] {"time":"2026-04-27T09:56:23.0289191-03:00","level":"INFO","msg":"secrets engine starting up..."}
[2026-04-27T12:56:23.039445100Z] {"time":"2026-04-27T09:56:23.038684-03:00","level":"INFO","msg":"starting server","address":"\\\\.\\pipe\\docker_sandboxes_sandboxd"}
[2026-04-27T12:56:23.064873300Z] {"time":"2026-04-27T09:56:23.0648733-03:00","level":"INFO","msg":"registering public route: /health"}
[2026-04-27T12:56:23.066307100Z] {"time":"2026-04-27T09:56:23.0648733-03:00","level":"INFO","msg":"VM monitor started","idle_timeout":1800000000000,"max_running_vms":3}
[2026-04-27T12:56:23.068482300Z] {"time":"2026-04-27T09:56:23.0679578-03:00","level":"INFO","msg":"registering public route: /resolver.v1.ListService/"}
[2026-04-27T12:56:23.126226300Z] {"time":"2026-04-27T09:56:23.1262263-03:00","level":"INFO","msg":"registering protected route: /resolver.v1.ResolverService/"}
[2026-04-27T12:56:23.255963200Z] {"time":"2026-04-27T09:56:23.253956-03:00","level":"INFO","msg":"secrets engine ready"}
[2026-04-27T12:56:23.532200700Z] {"time":"2026-04-27T09:56:23.530643-03:00","level":"INFO","msg":"api server started successfully","address":"\\\\.\\pipe\\docker_sandboxes_sandboxd"}
-------------------------------------------------------------------------------->8
[2026-04-27T12:59:58.333851000Z] Starting daemon at \\.\pipe\docker_sandboxes_sandboxd (Ctrl+C to stop)...
[2026-04-27T12:59:58.334360500Z] {"time":"2026-04-27T09:59:58.2949365-03:00","level":"INFO","msg":"starting sandboxd","version":"v0.12.0 f13b3c1a96a8be40b06473bb3db0c26dbfe1878c"}
[2026-04-27T12:59:58.334360500Z] {"time":"2026-04-27T09:59:58.3146689-03:00","level":"INFO","msg":"created secrets store for credential management"}
[2026-04-27T12:59:58.334360500Z] {"time":"2026-04-27T09:59:58.3146689-03:00","level":"INFO","msg":"vm registry initialized","discovered_vms":0}
[2026-04-27T12:59:58.334360500Z] {"time":"2026-04-27T09:59:58.3146689-03:00","level":"INFO","msg":"starting api server","address":"\\\\.\\pipe\\docker_sandboxes_sandboxd"}
[2026-04-27T12:59:58.334360500Z] {"time":"2026-04-27T09:59:58.3146689-03:00","level":"INFO","msg":"starting server","address":"\\\\.\\pipe\\docker_sandboxes_sandboxd"}
[2026-04-27T12:59:58.334360500Z] {"time":"2026-04-27T09:59:58.3237851-03:00","level":"INFO","msg":"secrets engine starting up..."}
[2026-04-27T12:59:58.334360500Z] {"time":"2026-04-27T09:59:58.3237851-03:00","level":"INFO","msg":"registering public route: /health"}
[2026-04-27T12:59:58.334360500Z] {"time":"2026-04-27T09:59:58.3237851-03:00","level":"INFO","msg":"registering public route: /resolver.v1.ListService/"}
[2026-04-27T12:59:58.334360500Z] {"time":"2026-04-27T09:59:58.3237851-03:00","level":"INFO","msg":"registering protected route: /resolver.v1.ResolverService/"}
[2026-04-27T12:59:58.334360500Z] {"time":"2026-04-27T09:59:58.3247916-03:00","level":"INFO","msg":"secrets engine ready"}
[2026-04-27T12:59:58.334360500Z] {"time":"2026-04-27T09:59:58.3247916-03:00","level":"INFO","msg":"VM monitor started","idle_timeout":1800000000000,"max_running_vms":3}
[2026-04-27T12:59:58.836789500Z] {"time":"2026-04-27T09:59:58.8283844-03:00","level":"INFO","msg":"api server started successfully","address":"\\\\.\\pipe\\docker_sandboxes_sandboxd"}
-------------------------------------------------------------------------------->8
[2026-04-27T13:13:04.941116900Z] Starting daemon at \\.\pipe\docker_sandboxes_sandboxd (Ctrl+C to stop)...
[2026-04-27T13:13:04.981985000Z] {"time":"2026-04-27T10:13:04.9443956-03:00","level":"INFO","msg":"starting sandboxd","version":"v0.12.0 f13b3c1a96a8be40b06473bb3db0c26dbfe1878c"}
[2026-04-27T13:13:05.013285900Z] {"time":"2026-04-27T10:13:05.0127793-03:00","level":"INFO","msg":"created secrets store for credential management"}
[2026-04-27T13:13:05.013680500Z] {"time":"2026-04-27T10:13:05.0136805-03:00","level":"INFO","msg":"vm registry initialized","discovered_vms":0}
[2026-04-27T13:13:05.018784000Z] {"time":"2026-04-27T10:13:05.0145355-03:00","level":"INFO","msg":"starting api server","address":"\\\\.\\pipe\\docker_sandboxes_sandboxd"}
[2026-04-27T13:13:05.019907500Z] {"time":"2026-04-27T10:13:05.0155803-03:00","level":"INFO","msg":"secrets engine starting up..."}
[2026-04-27T13:13:05.020522600Z] {"time":"2026-04-27T10:13:05.0199075-03:00","level":"INFO","msg":"registering public route: /health"}
[2026-04-27T13:13:05.021590500Z] {"time":"2026-04-27T10:13:05.0215905-03:00","level":"INFO","msg":"registering public route: /resolver.v1.ListService/"}
[2026-04-27T13:13:05.022698600Z] {"time":"2026-04-27T10:13:05.0226986-03:00","level":"INFO","msg":"starting server","address":"\\\\.\\pipe\\docker_sandboxes_sandboxd"}
[2026-04-27T13:13:05.023765700Z] {"time":"2026-04-27T10:13:05.0237657-03:00","level":"INFO","msg":"registering protected route: /resolver.v1.ResolverService/"}
[2026-04-27T13:13:05.024292900Z] {"time":"2026-04-27T10:13:05.0242929-03:00","level":"INFO","msg":"secrets engine ready"}
[2026-04-27T13:13:05.026555200Z] {"time":"2026-04-27T10:13:05.0260181-03:00","level":"INFO","msg":"VM monitor started","idle_timeout":1800000000000,"max_running_vms":3}
[2026-04-27T13:13:05.526160800Z] {"time":"2026-04-27T10:13:05.5232468-03:00","level":"INFO","msg":"api server started successfully","address":"\\\\.\\pipe\\docker_sandboxes_sandboxd"}
-------------------------------------------------------------------------------->8
[2026-04-27T21:13:04.894156500Z] Starting daemon at \\.\pipe\docker_sandboxes_sandboxd (Ctrl+C to stop)...
[2026-04-27T21:13:04.934393300Z] {"time":"2026-04-27T18:13:04.9000547-03:00","level":"INFO","msg":"starting sandboxd","version":"v0.12.0 f13b3c1a96a8be40b06473bb3db0c26dbfe1878c"}
[2026-04-27T21:13:04.939455000Z] {"time":"2026-04-27T18:13:04.939455-03:00","level":"INFO","msg":"created secrets store for credential management"}
[2026-04-27T21:13:04.940342700Z] {"time":"2026-04-27T18:13:04.9399948-03:00","level":"INFO","msg":"vm registry initialized","discovered_vms":0}
[2026-04-27T21:13:04.948237800Z] {"time":"2026-04-27T18:13:04.944971-03:00","level":"INFO","msg":"starting api server","address":"\\\\.\\pipe\\docker_sandboxes_sandboxd"}
[2026-04-27T21:13:04.949544900Z] {"time":"2026-04-27T18:13:04.9469559-03:00","level":"INFO","msg":"secrets engine starting up..."}
[2026-04-27T21:13:04.950146200Z] {"time":"2026-04-27T18:13:04.9495449-03:00","level":"INFO","msg":"registering public route: /health"}
[2026-04-27T21:13:04.966867700Z] {"time":"2026-04-27T18:13:04.9651826-03:00","level":"INFO","msg":"starting server","address":"\\\\.\\pipe\\docker_sandboxes_sandboxd"}
[2026-04-27T21:13:04.992643800Z] {"time":"2026-04-27T18:13:04.9896442-03:00","level":"INFO","msg":"registering public route: /resolver.v1.ListService/"}
[2026-04-27T21:13:05.010902700Z] {"time":"2026-04-27T18:13:05.0033803-03:00","level":"INFO","msg":"registering protected route: /resolver.v1.ResolverService/"}
[2026-04-27T21:13:05.032940000Z] {"time":"2026-04-27T18:13:05.027553-03:00","level":"INFO","msg":"secrets engine ready"}
[2026-04-27T21:13:05.084421500Z] {"time":"2026-04-27T18:13:05.0786453-03:00","level":"INFO","msg":"VM monitor started","idle_timeout":1800000000000,"max_running_vms":3}
[2026-04-27T21:13:05.445012000Z] {"time":"2026-04-27T18:13:05.443999-03:00","level":"INFO","msg":"api server started successfully","address":"\\\\.\\pipe\\docker_sandboxes_sandboxd"}
-------------------------------------------------------------------------------->8
[2026-04-27T21:19:56.597832600Z] Starting daemon at \\.\pipe\docker_sandboxes_sandboxd (Ctrl+C to stop)...
[2026-04-27T21:19:57.137102000Z] {"time":"2026-04-27T18:19:56.6095515-03:00","level":"INFO","msg":"starting sandboxd","version":"v0.12.0 f13b3c1a96a8be40b06473bb3db0c26dbfe1878c"}
[2026-04-27T21:19:57.487142800Z] {"time":"2026-04-27T18:19:57.4831357-03:00","level":"INFO","msg":"created secrets store for credential management"}
[2026-04-27T21:19:57.569249200Z] {"time":"2026-04-27T18:19:57.5529481-03:00","level":"INFO","msg":"vm registry initialized","discovered_vms":0}
[2026-04-27T21:19:57.578075300Z] {"time":"2026-04-27T18:19:57.5535419-03:00","level":"INFO","msg":"starting api server","address":"\\\\.\\pipe\\docker_sandboxes_sandboxd"}
[2026-04-27T21:19:57.578075300Z] {"time":"2026-04-27T18:19:57.5728296-03:00","level":"INFO","msg":"starting server","address":"\\\\.\\pipe\\docker_sandboxes_sandboxd"}
[2026-04-27T21:19:57.578075300Z] {"time":"2026-04-27T18:19:57.575075-03:00","level":"INFO","msg":"VM monitor started","idle_timeout":1800000000000,"max_running_vms":3}
[2026-04-27T21:19:57.650629300Z] {"time":"2026-04-27T18:19:57.5486297-03:00","level":"INFO","msg":"secrets engine starting up..."}
[2026-04-27T21:19:57.651629300Z] {"time":"2026-04-27T18:19:57.6360477-03:00","level":"INFO","msg":"registering public route: /health"}
[2026-04-27T21:19:57.657039300Z] {"time":"2026-04-27T18:19:57.6565315-03:00","level":"INFO","msg":"registering public route: /resolver.v1.ListService/"}
[2026-04-27T21:19:57.665281100Z] {"time":"2026-04-27T18:19:57.6639482-03:00","level":"INFO","msg":"registering protected route: /resolver.v1.ResolverService/"}
[2026-04-27T21:19:57.678801000Z] {"time":"2026-04-27T18:19:57.6702051-03:00","level":"INFO","msg":"secrets engine ready"}
[2026-04-27T21:19:58.054559800Z] {"time":"2026-04-27T18:19:58.0540463-03:00","level":"INFO","msg":"api server started successfully","address":"\\\\.\\pipe\\docker_sandboxes_sandboxd"}
-------------------------------------------------------------------------------->8
[2026-04-27T21:33:16.267879300Z] Starting daemon at \\.\pipe\docker_sandboxes_sandboxd (Ctrl+C to stop)...
[2026-04-27T21:33:16.291796200Z] {"time":"2026-04-27T18:33:16.2678793-03:00","level":"INFO","msg":"starting sandboxd","version":"v0.12.0 f13b3c1a96a8be40b06473bb3db0c26dbfe1878c"}
[2026-04-27T21:33:16.291796200Z] {"time":"2026-04-27T18:33:16.2917962-03:00","level":"INFO","msg":"created secrets store for credential management"}
[2026-04-27T21:33:16.291796200Z] {"time":"2026-04-27T18:33:16.2917962-03:00","level":"INFO","msg":"vm registry initialized","discovered_vms":0}
[2026-04-27T21:33:16.291796200Z] {"time":"2026-04-27T18:33:16.2917962-03:00","level":"INFO","msg":"starting api server","address":"\\\\.\\pipe\\docker_sandboxes_sandboxd"}
[2026-04-27T21:33:16.292337900Z] {"time":"2026-04-27T18:33:16.2917962-03:00","level":"INFO","msg":"starting server","address":"\\\\.\\pipe\\docker_sandboxes_sandboxd"}
[2026-04-27T21:33:16.292773100Z] {"time":"2026-04-27T18:33:16.2923379-03:00","level":"INFO","msg":"VM monitor started","idle_timeout":1800000000000,"max_running_vms":3}
[2026-04-27T21:33:16.292773100Z] {"time":"2026-04-27T18:33:16.2923379-03:00","level":"INFO","msg":"secrets engine starting up..."}
[2026-04-27T21:33:16.292773100Z] {"time":"2026-04-27T18:33:16.2923379-03:00","level":"INFO","msg":"registering public route: /health"}
[2026-04-27T21:33:16.292773100Z] {"time":"2026-04-27T18:33:16.2923379-03:00","level":"INFO","msg":"registering public route: /resolver.v1.ListService/"}
[2026-04-27T21:33:16.292773100Z] {"time":"2026-04-27T18:33:16.2923379-03:00","level":"INFO","msg":"registering protected route: /resolver.v1.ResolverService/"}
[2026-04-27T21:33:16.292773100Z] {"time":"2026-04-27T18:33:16.2923379-03:00","level":"INFO","msg":"secrets engine ready"}
[2026-04-27T21:33:16.802344600Z] {"time":"2026-04-27T18:33:16.7961004-03:00","level":"INFO","msg":"api server started successfully","address":"\\\\.\\pipe\\docker_sandboxes_sandboxd"}
