-------------------------------------------------------------------------------->8
[2026-03-27T15:36:47.059372400Z] 
[2026-03-27T15:36:47.241286400Z] Running Electron app (stock)
[2026-03-27T15:36:47.416019100Z] [BUGSNAG] Loaded! In main process.
[2026-03-27T15:36:47.420329900Z] [BUGSNAG] Writing session payload to cache
[2026-03-27T15:52:18.972170500Z] 
[2026-03-27T15:52:19.103137400Z] Running Electron app (stock)
-------------------------------------------------------------------------------->8
[2026-04-27T12:26:15.828508900Z] 
[2026-04-27T12:26:16.198220600Z] Running Electron app (stock)
[2026-04-27T12:26:16.488828200Z] [BUGSNAG] Loaded! In main process.
[2026-04-27T12:26:16.496524800Z] [BUGSNAG] Writing session payload to cache
-------------------------------------------------------------------------------->8
[2026-04-27T12:45:57.472924000Z] 
[2026-04-27T12:45:57.659978400Z] Running Electron app (stock)
[2026-04-27T12:45:57.830755200Z] [BUGSNAG] Loaded! In main process.
[2026-04-27T12:45:57.830755200Z] [BUGSNAG] Writing session payload to cache
-------------------------------------------------------------------------------->8
[2026-04-27T12:56:23.276580100Z] 
[2026-04-27T12:56:23.513674800Z] Running Electron app (stock)
[2026-04-27T12:56:23.726008300Z] [BUGSNAG] Loaded! In main process.
[2026-04-27T12:56:23.726008300Z] [BUGSNAG] Writing session payload to cache
-------------------------------------------------------------------------------->8
[2026-04-27T12:59:59.416829400Z] 
[2026-04-27T12:59:59.908980000Z] [BUGSNAG] Loaded! In main process.
[2026-04-27T12:59:59.914383800Z] [BUGSNAG] Writing session payload to cache
-------------------------------------------------------------------------------->8
[2026-04-27T13:13:01.742405600Z] 
[2026-04-27T13:13:03.285410400Z] [BUGSNAG] Loaded! In main process.
[2026-04-27T13:13:03.295956700Z] [BUGSNAG] Writing session payload to cache
-------------------------------------------------------------------------------->8
[2026-04-27T21:13:04.814537200Z] 
[2026-04-27T21:13:05.581076600Z] [BUGSNAG] Loaded! In main process.
[2026-04-27T21:13:05.669100200Z] [BUGSNAG] Writing session payload to cache
-------------------------------------------------------------------------------->8
[2026-04-27T21:19:57.550412800Z] 
[2026-04-27T21:19:58.250420100Z] [BUGSNAG] Loaded! In main process.
[2026-04-27T21:19:58.256463200Z] [BUGSNAG] Writing session payload to cache
-------------------------------------------------------------------------------->8
-------------------------------------------------------------------------------->8
-------------------------------------------------------------------------------->8
[2026-04-27T21:33:16.126162400Z] 
[2026-04-27T21:33:16.479945800Z] [BUGSNAG] Loaded! In main process.
[2026-04-27T21:33:16.481078600Z] [BUGSNAG] Writing session payload to cache
-------------------------------------------------------------------------------->8
